<?xml version="1.0" encoding="UTF-8"?>
<testng-results ignored="0" total="10" passed="10" failed="0" skipped="0">
  <reporter-output>
  </reporter-output>
  <suite started-at="2022-02-26T19:19:40 IST" name="Default suite" finished-at="2022-02-26T19:19:41 IST" duration-ms="952">
    <groups>
    </groups>
    <test started-at="2022-02-26T19:19:40 IST" name="Default test" finished-at="2022-02-26T19:19:41 IST" duration-ms="952">
      <class name="TestAutomation.selenium.DataBaseTesting.DatabaseTest">
        <test-method is-config="true" signature="setup()[pri:0, instance:TestAutomation.selenium.DataBaseTesting.DatabaseTest@4c1909a3]" started-at="2022-02-26T19:19:40 IST" name="setup" finished-at="2022-02-26T19:19:40 IST" duration-ms="458" status="PASS">
          <reporter-output>
          </reporter-output>
        </test-method> <!-- setup -->
        <test-method signature="testCharacterMaximunLengthInACityTable()[pri:0, instance:TestAutomation.selenium.DataBaseTesting.DatabaseTest@4c1909a3]" started-at="2022-02-26T19:19:40 IST" name="testCharacterMaximunLengthInACityTable" finished-at="2022-02-26T19:19:40 IST" duration-ms="138" status="PASS">
          <reporter-output>
          </reporter-output>
        </test-method> <!-- testCharacterMaximunLengthInACityTable -->
        <test-method signature="testCityByCountryProcedureColumnValues()[pri:0, instance:TestAutomation.selenium.DataBaseTesting.DatabaseTest@4c1909a3]" started-at="2022-02-26T19:19:41 IST" name="testCityByCountryProcedureColumnValues" finished-at="2022-02-26T19:19:41 IST" duration-ms="139" status="PASS">
          <reporter-output>
          </reporter-output>
        </test-method> <!-- testCityByCountryProcedureColumnValues -->
        <test-method signature="testCityDetailsProcedureColumnValues()[pri:0, instance:TestAutomation.selenium.DataBaseTesting.DatabaseTest@4c1909a3]" started-at="2022-02-26T19:19:41 IST" name="testCityDetailsProcedureColumnValues" finished-at="2022-02-26T19:19:41 IST" duration-ms="80" status="PASS">
          <reporter-output>
          </reporter-output>
        </test-method> <!-- testCityDetailsProcedureColumnValues -->
        <test-method signature="testColumnNamesInACityTable()[pri:0, instance:TestAutomation.selenium.DataBaseTesting.DatabaseTest@4c1909a3]" started-at="2022-02-26T19:19:41 IST" name="testColumnNamesInACityTable" finished-at="2022-02-26T19:19:41 IST" duration-ms="3" status="PASS">
          <reporter-output>
          </reporter-output>
        </test-method> <!-- testColumnNamesInACityTable -->
        <test-method signature="testColumnsIsNullableOrNotInACityTable()[pri:0, instance:TestAutomation.selenium.DataBaseTesting.DatabaseTest@4c1909a3]" started-at="2022-02-26T19:19:41 IST" name="testColumnsIsNullableOrNotInACityTable" finished-at="2022-02-26T19:19:41 IST" duration-ms="3" status="PASS">
          <reporter-output>
          </reporter-output>
        </test-method> <!-- testColumnsIsNullableOrNotInACityTable -->
        <test-method signature="testColumsDataTypeInACityTable()[pri:0, instance:TestAutomation.selenium.DataBaseTesting.DatabaseTest@4c1909a3]" started-at="2022-02-26T19:19:41 IST" name="testColumsDataTypeInACityTable" finished-at="2022-02-26T19:19:41 IST" duration-ms="3" status="PASS">
          <reporter-output>
          </reporter-output>
        </test-method> <!-- testColumsDataTypeInACityTable -->
        <test-method signature="testNumberofcolumnsInACityTable()[pri:0, instance:TestAutomation.selenium.DataBaseTesting.DatabaseTest@4c1909a3]" started-at="2022-02-26T19:19:41 IST" name="testNumberofcolumnsInACityTable" finished-at="2022-02-26T19:19:41 IST" duration-ms="3" status="PASS">
          <reporter-output>
          </reporter-output>
        </test-method> <!-- testNumberofcolumnsInACityTable -->
        <test-method signature="testProcedureName()[pri:0, instance:TestAutomation.selenium.DataBaseTesting.DatabaseTest@4c1909a3]" started-at="2022-02-26T19:19:41 IST" name="testProcedureName" finished-at="2022-02-26T19:19:41 IST" duration-ms="41" status="PASS">
          <reporter-output>
          </reporter-output>
        </test-method> <!-- testProcedureName -->
        <test-method signature="testProducerCityCountByCountry()[pri:0, instance:TestAutomation.selenium.DataBaseTesting.DatabaseTest@4c1909a3]" started-at="2022-02-26T19:19:41 IST" name="testProducerCityCountByCountry" finished-at="2022-02-26T19:19:41 IST" duration-ms="27" status="PASS">
          <reporter-output>
          </reporter-output>
        </test-method> <!-- testProducerCityCountByCountry -->
        <test-method signature="testTables()[pri:0, instance:TestAutomation.selenium.DataBaseTesting.DatabaseTest@4c1909a3]" started-at="2022-02-26T19:19:41 IST" name="testTables" finished-at="2022-02-26T19:19:41 IST" duration-ms="6" status="PASS">
          <reporter-output>
          </reporter-output>
        </test-method> <!-- testTables -->
        <test-method is-config="true" signature="closeConnection()[pri:0, instance:TestAutomation.selenium.DataBaseTesting.DatabaseTest@4c1909a3]" started-at="2022-02-26T19:19:41 IST" name="closeConnection" finished-at="2022-02-26T19:19:41 IST" duration-ms="5" status="PASS">
          <reporter-output>
          </reporter-output>
        </test-method> <!-- closeConnection -->
      </class> <!-- TestAutomation.selenium.DataBaseTesting.DatabaseTest -->
    </test> <!-- Default test -->
  </suite> <!-- Default suite -->
</testng-results>
