<?xml version="1.0" encoding="UTF-8"?>
<testng-results ignored="0" total="3" passed="3" failed="0" skipped="0">
  <reporter-output>
  </reporter-output>
  <suite started-at="2022-03-03T01:24:45 IST" name="Webdriver" finished-at="2022-03-03T01:24:48 IST" duration-ms="2815">
    <groups>
    </groups>
    <test started-at="2022-03-03T01:24:45 IST" name="TestWebdriver" finished-at="2022-03-03T01:24:48 IST" duration-ms="2815">
      <class name="TestAutomation.selenium.BDD.feature.TestCalculatorUsingRunner">
        <test-method is-config="true" signature="setup(org.testng.ITestContext)[pri:0, instance:TestAutomation.selenium.BDD.feature.TestCalculatorUsingRunner@71ba6d4e]" started-at="2022-03-03T01:24:45 IST" name="setup" finished-at="2022-03-03T01:24:47 IST" duration-ms="2075" status="PASS">
          <params>
            <param index="0">
              <value>
                <![CDATA[org.testng.TestRunner@65a9ea3c]]>
              </value>
            </param>
          </params>
          <reporter-output>
          </reporter-output>
        </test-method> <!-- setup -->
        <test-method signature="testCucumberScenario(io.cucumber.testng.PickleWrapper,io.cucumber.testng.FeatureWrapper)[pri:0, instance:TestAutomation.selenium.BDD.feature.TestCalculatorUsingRunner@71ba6d4e]" started-at="2022-03-03T01:24:47 IST" name="testCucumberScenario" data-provider="scenariors" finished-at="2022-03-03T01:24:48 IST" duration-ms="443" status="PASS">
          <params>
            <param index="0">
              <value>
                <![CDATA["DataTable"]]>
              </value>
            </param>
            <param index="1">
              <value>
                <![CDATA["Optional[Calcaulator application]"]]>
              </value>
            </param>
          </params>
          <reporter-output>
          </reporter-output>
        </test-method> <!-- testCucumberScenario -->
        <test-method signature="testCucumberScenario(io.cucumber.testng.PickleWrapper,io.cucumber.testng.FeatureWrapper)[pri:0, instance:TestAutomation.selenium.BDD.feature.TestCalculatorUsingRunner@71ba6d4e]" started-at="2022-03-03T01:24:48 IST" name="testCucumberScenario" data-provider="scenariors" finished-at="2022-03-03T01:24:48 IST" duration-ms="252" status="PASS">
          <params>
            <param index="0">
              <value>
                <![CDATA["DataTable"]]>
              </value>
            </param>
            <param index="1">
              <value>
                <![CDATA["Optional[Calcaulator application]"]]>
              </value>
            </param>
          </params>
          <reporter-output>
          </reporter-output>
        </test-method> <!-- testCucumberScenario -->
        <test-method signature="testCucumberScenario(io.cucumber.testng.PickleWrapper,io.cucumber.testng.FeatureWrapper)[pri:0, instance:TestAutomation.selenium.BDD.feature.TestCalculatorUsingRunner@71ba6d4e]" started-at="2022-03-03T01:24:48 IST" name="testCucumberScenario" data-provider="scenariors" finished-at="2022-03-03T01:24:48 IST" duration-ms="9" status="PASS">
          <params>
            <param index="0">
              <value>
                <![CDATA["Names"]]>
              </value>
            </param>
            <param index="1">
              <value>
                <![CDATA["Optional[Calcaulator application]"]]>
              </value>
            </param>
          </params>
          <reporter-output>
          </reporter-output>
        </test-method> <!-- testCucumberScenario -->
        <test-method is-config="true" signature="finishRunner()[pri:0, instance:TestAutomation.selenium.BDD.feature.TestCalculatorUsingRunner@71ba6d4e]" started-at="2022-03-03T01:24:48 IST" name="finishRunner" finished-at="2022-03-03T01:24:48 IST" duration-ms="5" status="PASS">
          <reporter-output>
          </reporter-output>
        </test-method> <!-- finishRunner -->
      </class> <!-- TestAutomation.selenium.BDD.feature.TestCalculatorUsingRunner -->
    </test> <!-- TestWebdriver -->
  </suite> <!-- Webdriver -->
</testng-results>
