<?xml version="1.0" encoding="UTF-8"?>
<!-- Generated by org.testng.reporters.JUnitXMLReporter -->
<testsuite ignored="0" hostname="EPINHYDW0D4E" failures="0" tests="23" name="TestLibrary" time="0.113" errors="0" timestamp="2022-02-09T17:26:29 IST">
  <testcase classname="com.epam.TestNG.TestCatalogue" name="testAddToLibraryWithUnsupportedObject" time="0.005"/>
  <testcase classname="com.epam.TestNG.TestCatalogue" name="testCatalogueAddBook" time="0.003"/>
  <testcase classname="com.epam.TestNG.TestCatalogue" name="testCatalogueAddBooks" time="0.0"/>
  <testcase classname="com.epam.TestNG.TestCatalogue" name="testCatalogueAddBooks" time="0.001"/>
  <testcase classname="com.epam.TestNG.TestCatalogue" name="testCatalogueAddBooks" time="0.0"/>
  <testcase classname="com.epam.TestNG.TestCatalogue" name="testCatalogueAddBooks" time="0.001"/>
  <testcase classname="com.epam.TestNG.TestCatalogue" name="testCatalogueAddBooks" time="0.001"/>
  <testcase classname="com.epam.TestNG.TestCatalogue" name="testCatalogueAddBooks" time="0.0"/>
  <testcase classname="com.epam.TestNG.TestCatalogue" name="testCatalogueAddBooks" time="0.001"/>
  <testcase classname="com.epam.TestNG.TestCatalogue" name="testCatalogueAddBooks" time="0.002"/>
  <testcase classname="com.epam.TestNG.TestCatalogue" name="testCatalogueAddBooks" time="0.002"/>
  <testcase classname="com.epam.TestNG.TestCatalogue" name="testCatalogueAddBooks" time="0.001"/>
  <testcase classname="com.epam.TestNG.TestCatalogue" name="testCatalogueAddBooks" time="0.001"/>
  <testcase classname="com.epam.TestNG.TestCatalogue" name="testCatalogueRemoveNonExistingBook" time="0.0"/>
  <testcase classname="com.epam.TestNG.TestCatalogue" name="testCatalogueSearchByAuthorname" time="0.001"/>
  <testcase classname="com.epam.TestNG.TestCatalogue" name="testCatalogueSearchByAuthornameWhchDoesNotExist" time="0.001"/>
  <testcase classname="com.epam.TestNG.TestCatalogue" name="testCatalogueSearchByBookName" time="0.001"/>
  <testcase classname="com.epam.TestNG.TestCatalogue" name="testCatalogueSearchByBookNamePara" time="0.0"/>
  <testcase classname="com.epam.TestNG.TestCatalogue" name="testAddToLibraryWithSupportedObject" time="0.0"/>
  <testcase classname="com.epam.TestNG.TestCatalogue" name="testCatalogueRemoveBook" time="0.0"/>
  <testcase classname="com.epam.TestNG.TestCatalogue" name="testCatalogueSearchByBookNamewhichDoesNotExist" time="0.0"/>
  <testcase classname="com.epam.TestNG.TestCatalogue" name="testARemoveNewlyAddedBook2" time="0.002"/>
  <testcase classname="com.epam.TestNG.TestCatalogue" name="testARemoveNewlyAddedBook" time="0.001"/>
</testsuite> <!-- TestLibrary -->
