<?xml version="1.0" encoding="UTF-8"?>
<!-- Generated by org.testng.reporters.JUnitXMLReporter -->
<testsuite ignored="0" hostname="LAPTOP-OUJ086UF" failures="0" tests="23" name="LibraryFunctionality" time="1.011" errors="0" timestamp="2022-02-09T16:02:23 IST">
  <testcase classname="TestAutomation.testng.TestCatalogue" name="testAddToLibraryWithUnsupportedObject" time="0.026"/>
  <testcase classname="TestAutomation.testng.TestCatalogue" name="testCatalogueAddBook" time="0.02"/>
  <testcase classname="TestAutomation.testng.TestCatalogue" name="testCatalogueAddBooks" time="0.006"/>
  <testcase classname="TestAutomation.testng.TestCatalogue" name="testCatalogueAddBooks" time="0.005"/>
  <testcase classname="TestAutomation.testng.TestCatalogue" name="testCatalogueAddBooks" time="0.005"/>
  <testcase classname="TestAutomation.testng.TestCatalogue" name="testCatalogueAddBooks" time="0.007"/>
  <testcase classname="TestAutomation.testng.TestCatalogue" name="testCatalogueAddBooks" time="0.011"/>
  <testcase classname="TestAutomation.testng.TestCatalogue" name="testCatalogueAddBooks" time="0.007"/>
  <testcase classname="TestAutomation.testng.TestCatalogue" name="testCatalogueAddBooks" time="0.01"/>
  <testcase classname="TestAutomation.testng.TestCatalogue" name="testCatalogueAddBooks" time="0.006"/>
  <testcase classname="TestAutomation.testng.TestCatalogue" name="testCatalogueAddBooks" time="0.021"/>
  <testcase classname="TestAutomation.testng.TestCatalogue" name="testCatalogueAddBooks" time="0.012"/>
  <testcase classname="TestAutomation.testng.TestCatalogue" name="testCatalogueAddBooks" time="0.013"/>
  <testcase classname="TestAutomation.testng.TestCatalogue" name="testCatalogueRemoveNonExistingBook" time="0.012"/>
  <testcase classname="TestAutomation.testng.TestCatalogue" name="testCatalogueSearchByAuthorname" time="0.007"/>
  <testcase classname="TestAutomation.testng.TestCatalogue" name="testCatalogueSearchByAuthornameWhchDoesNotExist" time="0.016"/>
  <testcase classname="TestAutomation.testng.TestCatalogue" name="testCatalogueSearchByBookName" time="0.006"/>
  <testcase classname="TestAutomation.testng.TestCatalogue" name="testCatalogueSearchByBookNamePara" time="0.008"/>
  <testcase classname="TestAutomation.testng.TestCatalogue" name="testAddToLibraryWithSupportedObject" time="0.008"/>
  <testcase classname="TestAutomation.testng.TestCatalogue" name="testCatalogueRemoveBook" time="0.013"/>
  <testcase classname="TestAutomation.testng.TestCatalogue" name="testCatalogueSearchByBookNamewhichDoesNotExist" time="0.006"/>
  <testcase classname="TestAutomation.testng.TestCatalogue" name="testARemoveNewlyAddedBook2" time="0.016"/>
  <testcase classname="TestAutomation.testng.TestCatalogue" name="testARemoveNewlyAddedBook" time="0.005"/>
</testsuite> <!-- LibraryFunctionality -->
