<?xml version="1.0" encoding="UTF-8"?>
<!-- Generated by org.testng.reporters.JUnitXMLReporter -->
<testsuite ignored="0" hostname="EPINHYDW012A" failures="3" tests="3" name="TestWebdriver" time="4.568" errors="0" timestamp="2022-02-20T20:40:15 IST">
  <testcase classname="TestAutomation.selenium.PageObjectModel.TestOrangeHRMLoginPage" name="testemployeedetails" time="3.029">
    <failure type="java.lang.StackOverflowError">
      <![CDATA[java.lang.StackOverflowError
at org.openqa.selenium.support.AbstractFindByBuilder.assertValidFindBy(AbstractFindByBuilder.java:89)
at org.openqa.selenium.support.FindBy$FindByBuilder.buildIt(FindBy.java:83)
at org.openqa.selenium.support.pagefactory.Annotations.buildBy(Annotations.java:79)
at org.openqa.selenium.support.pagefactory.DefaultElementLocator.<init>(DefaultElementLocator.java:58)
at org.openqa.selenium.support.pagefactory.AjaxElementLocator.<init>(AjaxElementLocator.java:62)
at org.openqa.selenium.support.pagefactory.AjaxElementLocator.<init>(AjaxElementLocator.java:83)
at org.openqa.selenium.support.pagefactory.AjaxElementLocator.<init>(AjaxElementLocator.java:75)
at org.openqa.selenium.support.pagefactory.AjaxElementLocatorFactory.createLocator(AjaxElementLocatorFactory.java:35)
at org.openqa.selenium.support.pagefactory.DefaultFieldDecorator.decorate(DefaultFieldDecorator.java:57)
at org.openqa.selenium.support.PageFactory.proxyFields(PageFactory.java:111)
at org.openqa.selenium.support.PageFactory.initElements(PageFactory.java:103)
at org.openqa.selenium.support.PageFactory.initElements(PageFactory.java:90)
at TestAutomation.selenium.PageObjectModel.NavigationMenu.<init>(NavigationMenu.java:36)
at TestAutomation.selenium.PageObjectModel.ApplyLeave.<init>(ApplyLeave.java:41)
at TestAutomation.selenium.PageObjectModel.NavigationMenu.<init>(NavigationMenu.java:37)
at TestAutomation.selenium.PageObjectModel.ApplyLeave.<init>(ApplyLeave.java:41)
at TestAutomation.selenium.PageObjectModel.NavigationMenu.<init>(NavigationMenu.java:37)
at TestAutomation.selenium.PageObjectModel.ApplyLeave.<init>(ApplyLeave.java:41)
at TestAutomation.selenium.PageObjectModel.NavigationMenu.<init>(NavigationMenu.java:37)
at TestAutomation.selenium.PageObjectModel.ApplyLeave.<init>(ApplyLeave.java:41)
at TestAutomation.selenium.PageObjectModel.NavigationMenu.<init>(NavigationMenu.java:37)
at TestAutomation.selenium.PageObjectModel.ApplyLeave.<init>(ApplyLeave.java:41)
at TestAutomation.selenium.PageObjectModel.NavigationMenu.<init>(NavigationMenu.java:37)
at TestAutomation.selenium.PageObjectModel.ApplyLeave.<init>(ApplyLeave.java:41)
at TestAutomation.selenium.PageObjectModel.NavigationMenu.<init>(NavigationMenu.java:37)
at TestAutomation.selenium.PageObjectModel.ApplyLeave.<init>(ApplyLeave.java:41)
at TestAutomation.selenium.PageObjectModel.NavigationMenu.<init>(NavigationMenu.java:37)
at TestAutomation.selenium.PageObjectModel.ApplyLeave.<init>(ApplyLeave.java:41)
at TestAutomation.selenium.PageObjectModel.NavigationMenu.<init>(NavigationMenu.java:37)
at TestAutomation.selenium.PageObjectModel.ApplyLeave.<init>(ApplyLeave.java:41)
at TestAutomation.selenium.PageObjectModel.NavigationMenu.<init>(NavigationMenu.java:37)
at TestAutomation.selenium.PageObjectModel.ApplyLeave.<init>(ApplyLeave.java:41)
at TestAutomation.selenium.PageObjectModel.NavigationMenu.<init>(NavigationMenu.java:37)
at TestAutomation.selenium.PageObjectModel.ApplyLeave.<init>(ApplyLeave.java:41)
at TestAutomation.selenium.PageObjectModel.NavigationMenu.<init>(NavigationMenu.java:37)
at TestAutomation.selenium.PageObjectModel.ApplyLeave.<init>(ApplyLeave.java:41)
at TestAutomation.selenium.PageObjectModel.NavigationMenu.<init>(NavigationMenu.java:37)
at TestAutomation.selenium.PageObjectModel.ApplyLeave.<init>(ApplyLeave.java:41)
at TestAutomation.selenium.PageObjectModel.NavigationMenu.<init>(NavigationMenu.java:37)
at TestAutomation.selenium.PageObjectModel.ApplyLeave.<init>(ApplyLeave.java:41)
at TestAutomation.selenium.PageObjectModel.NavigationMenu.<init>(NavigationMenu.java:37)
at TestAutomation.selenium.PageObjectModel.ApplyLeave.<init>(ApplyLeave.java:41)
at TestAutomation.selenium.PageObjectModel.NavigationMenu.<init>(NavigationMenu.java:37)
at TestAutomation.selenium.PageObjectModel.ApplyLeave.<init>(ApplyLeave.java:41)
at TestAutomation.selenium.PageObjectModel.NavigationMenu.<init>(NavigationMenu.java:37)
at TestAutomation.selenium.PageObjectModel.ApplyLeave.<init>(ApplyLeave.java:41)
at TestAutomation.selenium.PageObjectModel.NavigationMenu.<init>(NavigationMenu.java:37)
at TestAutomation.selenium.PageObjectModel.ApplyLeave.<init>(ApplyLeave.java:41)
at TestAutomation.selenium.PageObjectModel.NavigationMenu.<init>(NavigationMenu.java:37)
at TestAutomation.selenium.PageObjectModel.ApplyLeave.<init>(ApplyLeave.java:41)
at TestAutomation.selenium.PageObjectModel.NavigationMenu.<init>(NavigationMenu.java:37)
at TestAutomation.selenium.PageObjectModel.ApplyLeave.<init>(ApplyLeave.java:41)
at TestAutomation.selenium.PageObjectModel.NavigationMenu.<init>(NavigationMenu.java:37)
at TestAutomation.selenium.PageObjectModel.ApplyLeave.<init>(ApplyLeave.java:41)
at TestAutomation.selenium.PageObjectModel.NavigationMenu.<init>(NavigationMenu.java:37)
at TestAutomation.selenium.PageObjectModel.ApplyLeave.<init>(ApplyLeave.java:41)
at TestAutomation.selenium.PageObjectModel.NavigationMenu.<init>(NavigationMenu.java:37)
at TestAutomation.selenium.PageObjectModel.ApplyLeave.<init>(ApplyLeave.java:41)
at TestAutomation.selenium.PageObjectModel.NavigationMenu.<init>(NavigationMenu.java:37)
at TestAutomation.selenium.PageObjectModel.ApplyLeave.<init>(ApplyLeave.java:41)
at TestAutomation.selenium.PageObjectModel.NavigationMenu.<init>(NavigationMenu.java:37)
at TestAutomation.selenium.PageObjectModel.ApplyLeave.<init>(ApplyLeave.java:41)
at TestAutomation.selenium.PageObjectModel.NavigationMenu.<init>(NavigationMenu.java:37)
at TestAutomation.selenium.PageObjectModel.ApplyLeave.<init>(ApplyLeave.java:41)
at TestAutomation.selenium.PageObjectModel.NavigationMenu.<init>(NavigationMenu.java:37)
at TestAutomation.selenium.PageObjectModel.ApplyLeave.<init>(ApplyLeave.java:41)
at TestAutomation.selenium.PageObjectModel.NavigationMenu.<init>(NavigationMenu.java:37)
at TestAutomation.selenium.PageObjectModel.ApplyLeave.<init>(ApplyLeave.java:41)
at TestAutomation.selenium.PageObjectModel.NavigationMenu.<init>(NavigationMenu.java:37)
at TestAutomation.selenium.PageObjectModel.ApplyLeave.<init>(ApplyLeave.java:41)
at TestAutomation.selenium.PageObjectModel.NavigationMenu.<init>(NavigationMenu.java:37)
at TestAutomation.selenium.PageObjectModel.ApplyLeave.<init>(ApplyLeave.java:41)
at TestAutomation.selenium.PageObjectModel.NavigationMenu.<init>(NavigationMenu.java:37)
at TestAutomation.selenium.PageObjectModel.ApplyLeave.<init>(ApplyLeave.java:41)
at TestAutomation.selenium.PageObjectModel.NavigationMenu.<init>(NavigationMenu.java:37)
at TestAutomation.selenium.PageObjectModel.ApplyLeave.<init>(ApplyLeave.java:41)
at TestAutomation.selenium.PageObjectModel.NavigationMenu.<init>(NavigationMenu.java:37)
at TestAutomation.selenium.PageObjectModel.ApplyLeave.<init>(ApplyLeave.java:41)
at TestAutomation.selenium.PageObjectModel.NavigationMenu.<init>(NavigationMenu.java:37)
at TestAutomation.selenium.PageObjectModel.ApplyLeave.<init>(ApplyLeave.java:41)
at TestAutomation.selenium.PageObjectModel.NavigationMenu.<init>(NavigationMenu.java:37)
at TestAutomation.selenium.PageObjectModel.ApplyLeave.<init>(ApplyLeave.java:41)
at TestAutomation.selenium.PageObjectModel.NavigationMenu.<init>(NavigationMenu.java:37)
at TestAutomation.selenium.PageObjectModel.ApplyLeave.<init>(ApplyLeave.java:41)
at TestAutomation.selenium.PageObjectModel.NavigationMenu.<init>(NavigationMenu.java:37)
at TestAutomation.selenium.PageObjectModel.ApplyLeave.<init>(ApplyLeave.java:41)
at TestAutomation.selenium.PageObjectModel.NavigationMenu.<init>(NavigationMenu.java:37)
at TestAutomation.selenium.PageObjectModel.ApplyLeave.<init>(ApplyLeave.java:41)
at TestAutomation.selenium.PageObjectModel.NavigationMenu.<init>(NavigationMenu.java:37)
at TestAutomation.selenium.PageObjectModel.ApplyLeave.<init>(ApplyLeave.java:41)
at TestAutomation.selenium.PageObjectModel.NavigationMenu.<init>(NavigationMenu.java:37)
at TestAutomation.selenium.PageObjectModel.ApplyLeave.<init>(ApplyLeave.java:41)
at TestAutomation.selenium.PageObjectModel.NavigationMenu.<init>(NavigationMenu.java:37)
at TestAutomation.selenium.PageObjectModel.ApplyLeave.<init>(ApplyLeave.java:41)
at TestAutomation.selenium.PageObjectModel.NavigationMenu.<init>(NavigationMenu.java:37)
at TestAutomation.selenium.PageObjectModel.ApplyLeave.<init>(ApplyLeave.java:41)
at TestAutomation.selenium.PageObjectModel.NavigationMenu.<init>(NavigationMenu.java:37)
at TestAutomation.selenium.PageObjectModel.ApplyLeave.<init>(ApplyLeave.java:41)
at TestAutomation.selenium.PageObjectModel.NavigationMenu.<init>(NavigationMenu.java:37)
at TestAutomation.selenium.PageObjectModel.ApplyLeave.<init>(ApplyLeave.java:41)
at TestAutomation.selenium.PageObjectModel.NavigationMenu.<init>(NavigationMenu.java:37)
at TestAutomation.selenium.PageObjectModel.ApplyLeave.<init>(ApplyLeave.java:41)
at TestAutomation.selenium.PageObjectModel.NavigationMenu.<init>(NavigationMenu.java:37)
at TestAutomation.selenium.PageObjectModel.ApplyLeave.<init>(ApplyLeave.java:41)
at TestAutomation.selenium.PageObjectModel.NavigationMenu.<init>(NavigationMenu.java:37)
at TestAutomation.selenium.PageObjectModel.ApplyLeave.<init>(ApplyLeave.java:41)
at TestAutomation.selenium.PageObjectModel.NavigationMenu.<init>(NavigationMenu.java:37)
at TestAutomation.selenium.PageObjectModel.ApplyLeave.<init>(ApplyLeave.java:41)
at TestAutomation.selenium.PageObjectModel.NavigationMenu.<init>(NavigationMenu.java:37)
at TestAutomation.selenium.PageObjectModel.ApplyLeave.<init>(ApplyLeave.java:41)
at TestAutomation.selenium.PageObjectModel.NavigationMenu.<init>(NavigationMenu.java:37)
at TestAutomation.selenium.PageObjectModel.ApplyLeave.<init>(ApplyLeave.java:41)
at TestAutomation.selenium.PageObjectModel.NavigationMenu.<init>(NavigationMenu.java:37)
at TestAutomation.selenium.PageObjectModel.ApplyLeave.<init>(ApplyLeave.java:41)
at TestAutomation.selenium.PageObjectModel.NavigationMenu.<init>(NavigationMenu.java:37)
at TestAutomation.selenium.PageObjectModel.ApplyLeave.<init>(ApplyLeave.java:41)
at TestAutomation.selenium.PageObjectModel.NavigationMenu.<init>(NavigationMenu.java:37)
at TestAutomation.selenium.PageObjectModel.ApplyLeave.<init>(ApplyLeave.java:41)
at TestAutomation.selenium.PageObjectModel.NavigationMenu.<init>(NavigationMenu.java:37)
at TestAutomation.selenium.PageObjectModel.ApplyLeave.<init>(ApplyLeave.java:41)
at TestAutomation.selenium.PageObjectModel.NavigationMenu.<init>(NavigationMenu.java:37)
at TestAutomation.selenium.PageObjectModel.ApplyLeave.<init>(ApplyLeave.java:41)
at TestAutomation.selenium.PageObjectModel.NavigationMenu.<init>(NavigationMenu.java:37)
at TestAutomation.selenium.PageObjectModel.ApplyLeave.<init>(ApplyLeave.java:41)
at TestAutomation.selenium.PageObjectModel.NavigationMenu.<init>(NavigationMenu.java:37)
at TestAutomation.selenium.PageObjectModel.ApplyLeave.<init>(ApplyLeave.java:41)
at TestAutomation.selenium.PageObjectModel.NavigationMenu.<init>(NavigationMenu.java:37)
at TestAutomation.selenium.PageObjectModel.ApplyLeave.<init>(ApplyLeave.java:41)
at TestAutomation.selenium.PageObjectModel.NavigationMenu.<init>(NavigationMenu.java:37)
at TestAutomation.selenium.PageObjectModel.ApplyLeave.<init>(ApplyLeave.java:41)
at TestAutomation.selenium.PageObjectModel.NavigationMenu.<init>(NavigationMenu.java:37)
at TestAutomation.selenium.PageObjectModel.ApplyLeave.<init>(ApplyLeave.java:41)
at TestAutomation.selenium.PageObjectModel.NavigationMenu.<init>(NavigationMenu.java:37)
at TestAutomation.selenium.PageObjectModel.ApplyLeave.<init>(ApplyLeave.java:41)
at TestAutomation.selenium.PageObjectModel.NavigationMenu.<init>(NavigationMenu.java:37)
at TestAutomation.selenium.PageObjectModel.ApplyLeave.<init>(ApplyLeave.java:41)
at TestAutomation.selenium.PageObjectModel.NavigationMenu.<init>(NavigationMenu.java:37)
at TestAutomation.selenium.PageObjectModel.ApplyLeave.<init>(ApplyLeave.java:41)
at TestAutomation.selenium.PageObjectModel.NavigationMenu.<init>(NavigationMenu.java:37)
at TestAutomation.selenium.PageObjectModel.ApplyLeave.<init>(ApplyLeave.java:41)
at TestAutomation.selenium.PageObjectModel.NavigationMenu.<init>(NavigationMenu.java:37)
at TestAutomation.selenium.PageObjectModel.ApplyLeave.<init>(ApplyLeave.java:41)
at TestAutomation.selenium.PageObjectModel.NavigationMenu.<init>(NavigationMenu.java:37)
at TestAutomation.selenium.PageObjectModel.ApplyLeave.<init>(ApplyLeave.java:41)
at TestAutomation.selenium.PageObjectModel.NavigationMenu.<init>(NavigationMenu.java:37)
at TestAutomation.selenium.PageObjectModel.ApplyLeave.<init>(ApplyLeave.java:41)
at TestAutomation.selenium.PageObjectModel.NavigationMenu.<init>(NavigationMenu.java:37)
at TestAutomation.selenium.PageObjectModel.ApplyLeave.<init>(ApplyLeave.java:41)
at TestAutomation.selenium.PageObjectModel.NavigationMenu.<init>(NavigationMenu.java:37)
at TestAutomation.selenium.PageObjectModel.ApplyLeave.<init>(ApplyLeave.java:41)
at TestAutomation.selenium.PageObjectModel.NavigationMenu.<init>(NavigationMenu.java:37)
at TestAutomation.selenium.PageObjectModel.ApplyLeave.<init>(ApplyLeave.java:41)
at TestAutomation.selenium.PageObjectModel.NavigationMenu.<init>(NavigationMenu.java:37)
at TestAutomation.selenium.PageObjectModel.ApplyLeave.<init>(ApplyLeave.java:41)
at TestAutomation.selenium.PageObjectModel.NavigationMenu.<init>(NavigationMenu.java:37)
at TestAutomation.selenium.PageObjectModel.ApplyLeave.<init>(ApplyLeave.java:41)
at TestAutomation.selenium.PageObjectModel.NavigationMenu.<init>(NavigationMenu.java:37)
at TestAutomation.selenium.PageObjectModel.ApplyLeave.<init>(ApplyLeave.java:41)
at TestAutomation.selenium.PageObjectModel.NavigationMenu.<init>(NavigationMenu.java:37)
at TestAutomation.selenium.PageObjectModel.ApplyLeave.<init>(ApplyLeave.java:41)
at TestAutomation.selenium.PageObjectModel.NavigationMenu.<init>(NavigationMenu.java:37)
at TestAutomation.selenium.PageObjectModel.ApplyLeave.<init>(ApplyLeave.java:41)
at TestAutomation.selenium.PageObjectModel.NavigationMenu.<init>(NavigationMenu.java:37)
at TestAutomation.selenium.PageObjectModel.ApplyLeave.<init>(ApplyLeave.java:41)
at TestAutomation.selenium.PageObjectModel.NavigationMenu.<init>(NavigationMenu.java:37)
at TestAutomation.selenium.PageObjectModel.ApplyLeave.<init>(ApplyLeave.java:41)
at TestAutomation.selenium.PageObjectModel.NavigationMenu.<init>(NavigationMenu.java:37)
at TestAutomation.selenium.PageObjectModel.ApplyLeave.<init>(ApplyLeave.java:41)
at TestAutomation.selenium.PageObjectModel.NavigationMenu.<init>(NavigationMenu.java:37)
at TestAutomation.selenium.PageObjectModel.ApplyLeave.<init>(ApplyLeave.java:41)
at TestAutomation.selenium.PageObjectModel.NavigationMenu.<init>(NavigationMenu.java:37)
at TestAutomation.selenium.PageObjectModel.ApplyLeave.<init>(ApplyLeave.java:41)
at TestAutomation.selenium.PageObjectModel.NavigationMenu.<init>(NavigationMenu.java:37)
at TestAutomation.selenium.PageObjectModel.ApplyLeave.<init>(ApplyLeave.java:41)
at TestAutomation.selenium.PageObjectModel.NavigationMenu.<init>(NavigationMenu.java:37)
at TestAutomation.selenium.PageObjectModel.ApplyLeave.<init>(ApplyLeave.java:41)
at TestAutomation.selenium.PageObjectModel.NavigationMenu.<init>(NavigationMenu.java:37)
at TestAutomation.selenium.PageObjectModel.ApplyLeave.<init>(ApplyLeave.java:41)
at TestAutomation.selenium.PageObjectModel.NavigationMenu.<init>(NavigationMenu.java:37)
at TestAutomation.selenium.PageObjectModel.ApplyLeave.<init>(ApplyLeave.java:41)
at TestAutomation.selenium.PageObjectModel.NavigationMenu.<init>(NavigationMenu.java:37)
at TestAutomation.selenium.PageObjectModel.ApplyLeave.<init>(ApplyLeave.java:41)
at TestAutomation.selenium.PageObjectModel.NavigationMenu.<init>(NavigationMenu.java:37)
at TestAutomation.selenium.PageObjectModel.ApplyLeave.<init>(ApplyLeave.java:41)
at TestAutomation.selenium.PageObjectModel.NavigationMenu.<init>(NavigationMenu.java:37)
at TestAutomation.selenium.PageObjectModel.ApplyLeave.<init>(ApplyLeave.java:41)
at TestAutomation.selenium.PageObjectModel.NavigationMenu.<init>(NavigationMenu.java:37)
at TestAutomation.selenium.PageObjectModel.ApplyLeave.<init>(ApplyLeave.java:41)
at TestAutomation.selenium.PageObjectModel.NavigationMenu.<init>(NavigationMenu.java:37)
at TestAutomation.selenium.PageObjectModel.ApplyLeave.<init>(ApplyLeave.java:41)
at TestAutomation.selenium.PageObjectModel.NavigationMenu.<init>(NavigationMenu.java:37)
at TestAutomation.selenium.PageObjectModel.ApplyLeave.<init>(ApplyLeave.java:41)
at TestAutomation.selenium.PageObjectModel.NavigationMenu.<init>(NavigationMenu.java:37)
at TestAutomation.selenium.PageObjectModel.ApplyLeave.<init>(ApplyLeave.java:41)
at TestAutomation.selenium.PageObjectModel.NavigationMenu.<init>(NavigationMenu.java:37)
at TestAutomation.selenium.PageObjectModel.ApplyLeave.<init>(ApplyLeave.java:41)
at TestAutomation.selenium.PageObjectModel.NavigationMenu.<init>(NavigationMenu.java:37)
at TestAutomation.selenium.PageObjectModel.ApplyLeave.<init>(ApplyLeave.java:41)
at TestAutomation.selenium.PageObjectModel.NavigationMenu.<init>(NavigationMenu.java:37)
at TestAutomation.selenium.PageObjectModel.ApplyLeave.<init>(ApplyLeave.java:41)
at TestAutomation.selenium.PageObjectModel.NavigationMenu.<init>(NavigationMenu.java:37)
at TestAutomation.selenium.PageObjectModel.ApplyLeave.<init>(ApplyLeave.java:41)
at TestAutomation.selenium.PageObjectModel.NavigationMenu.<init>(NavigationMenu.java:37)
at TestAutomation.selenium.PageObjectModel.ApplyLeave.<init>(ApplyLeave.java:41)
at TestAutomation.selenium.PageObjectModel.NavigationMenu.<init>(NavigationMenu.java:37)
at TestAutomation.selenium.PageObjectModel.ApplyLeave.<init>(ApplyLeave.java:41)
at TestAutomation.selenium.PageObjectModel.NavigationMenu.<init>(NavigationMenu.java:37)
at TestAutomation.selenium.PageObjectModel.ApplyLeave.<init>(ApplyLeave.java:41)
at TestAutomation.selenium.PageObjectModel.NavigationMenu.<init>(NavigationMenu.java:37)
at TestAutomation.selenium.PageObjectModel.ApplyLeave.<init>(ApplyLeave.java:41)
at TestAutomation.selenium.PageObjectModel.NavigationMenu.<init>(NavigationMenu.java:37)
at TestAutomation.selenium.PageObjectModel.ApplyLeave.<init>(ApplyLeave.java:41)
at TestAutomation.selenium.PageObjectModel.NavigationMenu.<init>(NavigationMenu.java:37)
at TestAutomation.selenium.PageObjectModel.ApplyLeave.<init>(ApplyLeave.java:41)
at TestAutomation.selenium.PageObjectModel.NavigationMenu.<init>(NavigationMenu.java:37)
at TestAutomation.selenium.PageObjectModel.ApplyLeave.<init>(ApplyLeave.java:41)
at TestAutomation.selenium.PageObjectModel.NavigationMenu.<init>(NavigationMenu.java:37)
at TestAutomation.selenium.PageObjectModel.ApplyLeave.<init>(ApplyLeave.java:41)
at TestAutomation.selenium.PageObjectModel.NavigationMenu.<init>(NavigationMenu.java:37)
at TestAutomation.selenium.PageObjectModel.ApplyLeave.<init>(ApplyLeave.java:41)
at TestAutomation.selenium.PageObjectModel.NavigationMenu.<init>(NavigationMenu.java:37)
at TestAutomation.selenium.PageObjectModel.ApplyLeave.<init>(ApplyLeave.java:41)
at TestAutomation.selenium.PageObjectModel.NavigationMenu.<init>(NavigationMenu.java:37)
at TestAutomation.selenium.PageObjectModel.ApplyLeave.<init>(ApplyLeave.java:41)
at TestAutomation.selenium.PageObjectModel.NavigationMenu.<init>(NavigationMenu.java:37)
at TestAutomation.selenium.PageObjectModel.ApplyLeave.<init>(ApplyLeave.java:41)
at TestAutomation.selenium.PageObjectModel.NavigationMenu.<init>(NavigationMenu.java:37)
at TestAutomation.selenium.PageObjectModel.ApplyLeave.<init>(ApplyLeave.java:41)
at TestAutomation.selenium.PageObjectModel.NavigationMenu.<init>(NavigationMenu.java:37)
at TestAutomation.selenium.PageObjectModel.ApplyLeave.<init>(ApplyLeave.java:41)
at TestAutomation.selenium.PageObjectModel.NavigationMenu.<init>(NavigationMenu.java:37)
at TestAutomation.selenium.PageObjectModel.ApplyLeave.<init>(ApplyLeave.java:41)
at TestAutomation.selenium.PageObjectModel.NavigationMenu.<init>(NavigationMenu.java:37)
at TestAutomation.selenium.PageObjectModel.ApplyLeave.<init>(ApplyLeave.java:41)
at TestAutomation.selenium.PageObjectModel.NavigationMenu.<init>(NavigationMenu.java:37)
at TestAutomation.selenium.PageObjectModel.ApplyLeave.<init>(ApplyLeave.java:41)
at TestAutomation.selenium.PageObjectModel.NavigationMenu.<init>(NavigationMenu.java:37)
at TestAutomation.selenium.PageObjectModel.ApplyLeave.<init>(ApplyLeave.java:41)
at TestAutomation.selenium.PageObjectModel.NavigationMenu.<init>(NavigationMenu.java:37)
at TestAutomation.selenium.PageObjectModel.ApplyLeave.<init>(ApplyLeave.java:41)
at TestAutomation.selenium.PageObjectModel.NavigationMenu.<init>(NavigationMenu.java:37)
at TestAutomation.selenium.PageObjectModel.ApplyLeave.<init>(ApplyLeave.java:41)
at TestAutomation.selenium.PageObjectModel.NavigationMenu.<init>(NavigationMenu.java:37)
at TestAutomation.selenium.PageObjectModel.ApplyLeave.<init>(ApplyLeave.java:41)
at TestAutomation.selenium.PageObjectModel.NavigationMenu.<init>(NavigationMenu.java:37)
at TestAutomation.selenium.PageObjectModel.ApplyLeave.<init>(ApplyLeave.java:41)
at TestAutomation.selenium.PageObjectModel.NavigationMenu.<init>(NavigationMenu.java:37)
at TestAutomation.selenium.PageObjectModel.ApplyLeave.<init>(ApplyLeave.java:41)
at TestAutomation.selenium.PageObjectModel.NavigationMenu.<init>(NavigationMenu.java:37)
at TestAutomation.selenium.PageObjectModel.ApplyLeave.<init>(ApplyLeave.java:41)
at TestAutomation.selenium.PageObjectModel.NavigationMenu.<init>(NavigationMenu.java:37)
at TestAutomation.selenium.PageObjectModel.ApplyLeave.<init>(ApplyLeave.java:41)
at TestAutomation.selenium.PageObjectModel.NavigationMenu.<init>(NavigationMenu.java:37)
at TestAutomation.selenium.PageObjectModel.ApplyLeave.<init>(ApplyLeave.java:41)
at TestAutomation.selenium.PageObjectModel.NavigationMenu.<init>(NavigationMenu.java:37)
at TestAutomation.selenium.PageObjectModel.ApplyLeave.<init>(ApplyLeave.java:41)
at TestAutomation.selenium.PageObjectModel.NavigationMenu.<init>(NavigationMenu.java:37)
at TestAutomation.selenium.PageObjectModel.ApplyLeave.<init>(ApplyLeave.java:41)
at TestAutomation.selenium.PageObjectModel.NavigationMenu.<init>(NavigationMenu.java:37)
at TestAutomation.selenium.PageObjectModel.ApplyLeave.<init>(ApplyLeave.java:41)
at TestAutomation.selenium.PageObjectModel.NavigationMenu.<init>(NavigationMenu.java:37)
at TestAutomation.selenium.PageObjectModel.ApplyLeave.<init>(ApplyLeave.java:41)
at TestAutomation.selenium.PageObjectModel.NavigationMenu.<init>(NavigationMenu.java:37)
at TestAutomation.selenium.PageObjectModel.ApplyLeave.<init>(ApplyLeave.java:41)
at TestAutomation.selenium.PageObjectModel.NavigationMenu.<init>(NavigationMenu.java:37)
at TestAutomation.selenium.PageObjectModel.ApplyLeave.<init>(ApplyLeave.java:41)
at TestAutomation.selenium.PageObjectModel.NavigationMenu.<init>(NavigationMenu.java:37)
at TestAutomation.selenium.PageObjectModel.ApplyLeave.<init>(ApplyLeave.java:41)
at TestAutomation.selenium.PageObjectModel.NavigationMenu.<init>(NavigationMenu.java:37)
at TestAutomation.selenium.PageObjectModel.ApplyLeave.<init>(ApplyLeave.java:41)
at TestAutomation.selenium.PageObjectModel.NavigationMenu.<init>(NavigationMenu.java:37)
at TestAutomation.selenium.PageObjectModel.ApplyLeave.<init>(ApplyLeave.java:41)
at TestAutomation.selenium.PageObjectModel.NavigationMenu.<init>(NavigationMenu.java:37)
at TestAutomation.selenium.PageObjectModel.ApplyLeave.<init>(ApplyLeave.java:41)
at TestAutomation.selenium.PageObjectModel.NavigationMenu.<init>(NavigationMenu.java:37)
at TestAutomation.selenium.PageObjectModel.ApplyLeave.<init>(ApplyLeave.java:41)
at TestAutomation.selenium.PageObjectModel.NavigationMenu.<init>(NavigationMenu.java:37)
at TestAutomation.selenium.PageObjectModel.ApplyLeave.<init>(ApplyLeave.java:41)
at TestAutomation.selenium.PageObjectModel.NavigationMenu.<init>(NavigationMenu.java:37)
at TestAutomation.selenium.PageObjectModel.ApplyLeave.<init>(ApplyLeave.java:41)
at TestAutomation.selenium.PageObjectModel.NavigationMenu.<init>(NavigationMenu.java:37)
at TestAutomation.selenium.PageObjectModel.ApplyLeave.<init>(ApplyLeave.java:41)
at TestAutomation.selenium.PageObjectModel.NavigationMenu.<init>(NavigationMenu.java:37)
at TestAutomation.selenium.PageObjectModel.ApplyLeave.<init>(ApplyLeave.java:41)
at TestAutomation.selenium.PageObjectModel.NavigationMenu.<init>(NavigationMenu.java:37)
at TestAutomation.selenium.PageObjectModel.ApplyLeave.<init>(ApplyLeave.java:41)
at TestAutomation.selenium.PageObjectModel.NavigationMenu.<init>(NavigationMenu.java:37)
at TestAutomation.selenium.PageObjectModel.ApplyLeave.<init>(ApplyLeave.java:41)
at TestAutomation.selenium.PageObjectModel.NavigationMenu.<init>(NavigationMenu.java:37)
at TestAutomation.selenium.PageObjectModel.ApplyLeave.<init>(ApplyLeave.java:41)
at TestAutomation.selenium.PageObjectModel.NavigationMenu.<init>(NavigationMenu.java:37)
at TestAutomation.selenium.PageObjectModel.ApplyLeave.<init>(ApplyLeave.java:41)
at TestAutomation.selenium.PageObjectModel.NavigationMenu.<init>(NavigationMenu.java:37)
at TestAutomation.selenium.PageObjectModel.ApplyLeave.<init>(ApplyLeave.java:41)
at TestAutomation.selenium.PageObjectModel.NavigationMenu.<init>(NavigationMenu.java:37)
at TestAutomation.selenium.PageObjectModel.ApplyLeave.<init>(ApplyLeave.java:41)
at TestAutomation.selenium.PageObjectModel.NavigationMenu.<init>(NavigationMenu.java:37)
at TestAutomation.selenium.PageObjectModel.ApplyLeave.<init>(ApplyLeave.java:41)
at TestAutomation.selenium.PageObjectModel.NavigationMenu.<init>(NavigationMenu.java:37)
at TestAutomation.selenium.PageObjectModel.ApplyLeave.<init>(ApplyLeave.java:41)
at TestAutomation.selenium.PageObjectModel.NavigationMenu.<init>(NavigationMenu.java:37)
at TestAutomation.selenium.PageObjectModel.ApplyLeave.<init>(ApplyLeave.java:41)
at TestAutomation.selenium.PageObjectModel.NavigationMenu.<init>(NavigationMenu.java:37)
at TestAutomation.selenium.PageObjectModel.ApplyLeave.<init>(ApplyLeave.java:41)
at TestAutomation.selenium.PageObjectModel.NavigationMenu.<init>(NavigationMenu.java:37)
at TestAutomation.selenium.PageObjectModel.ApplyLeave.<init>(ApplyLeave.java:41)
at TestAutomation.selenium.PageObjectModel.NavigationMenu.<init>(NavigationMenu.java:37)
at TestAutomation.selenium.PageObjectModel.ApplyLeave.<init>(ApplyLeave.java:41)
at TestAutomation.selenium.PageObjectModel.NavigationMenu.<init>(NavigationMenu.java:37)
at TestAutomation.selenium.PageObjectModel.ApplyLeave.<init>(ApplyLeave.java:41)
at TestAutomation.selenium.PageObjectModel.NavigationMenu.<init>(NavigationMenu.java:37)
at TestAutomation.selenium.PageObjectModel.ApplyLeave.<init>(ApplyLeave.java:41)
at TestAutomation.selenium.PageObjectModel.NavigationMenu.<init>(NavigationMenu.java:37)
at TestAutomation.selenium.PageObjectModel.ApplyLeave.<init>(ApplyLeave.java:41)
at TestAutomation.selenium.PageObjectModel.NavigationMenu.<init>(NavigationMenu.java:37)
at TestAutomation.selenium.PageObjectModel.ApplyLeave.<init>(ApplyLeave.java:41)
at TestAutomation.selenium.PageObjectModel.NavigationMenu.<init>(NavigationMenu.java:37)
at TestAutomation.selenium.PageObjectModel.ApplyLeave.<init>(ApplyLeave.java:41)
at TestAutomation.selenium.PageObjectModel.NavigationMenu.<init>(NavigationMenu.java:37)
at TestAutomation.selenium.PageObjectModel.ApplyLeave.<init>(ApplyLeave.java:41)
at TestAutomation.selenium.PageObjectModel.NavigationMenu.<init>(NavigationMenu.java:37)
at TestAutomation.selenium.PageObjectModel.ApplyLeave.<init>(ApplyLeave.java:41)
at TestAutomation.selenium.PageObjectModel.NavigationMenu.<init>(NavigationMenu.java:37)
at TestAutomation.selenium.PageObjectModel.ApplyLeave.<init>(ApplyLeave.java:41)
at TestAutomation.selenium.PageObjectModel.NavigationMenu.<init>(NavigationMenu.java:37)
at TestAutomation.selenium.PageObjectModel.ApplyLeave.<init>(ApplyLeave.java:41)
at TestAutomation.selenium.PageObjectModel.NavigationMenu.<init>(NavigationMenu.java:37)
at TestAutomation.selenium.PageObjectModel.ApplyLeave.<init>(ApplyLeave.java:41)
at TestAutomation.selenium.PageObjectModel.NavigationMenu.<init>(NavigationMenu.java:37)
at TestAutomation.selenium.PageObjectModel.ApplyLeave.<init>(ApplyLeave.java:41)
at TestAutomation.selenium.PageObjectModel.NavigationMenu.<init>(NavigationMenu.java:37)
at TestAutomation.selenium.PageObjectModel.ApplyLeave.<init>(ApplyLeave.java:41)
at TestAutomation.selenium.PageObjectModel.NavigationMenu.<init>(NavigationMenu.java:37)
at TestAutomation.selenium.PageObjectModel.ApplyLeave.<init>(ApplyLeave.java:41)
at TestAutomation.selenium.PageObjectModel.NavigationMenu.<init>(NavigationMenu.java:37)
at TestAutomation.selenium.PageObjectModel.ApplyLeave.<init>(ApplyLeave.java:41)
at TestAutomation.selenium.PageObjectModel.NavigationMenu.<init>(NavigationMenu.java:37)
at TestAutomation.selenium.PageObjectModel.ApplyLeave.<init>(ApplyLeave.java:41)
at TestAutomation.selenium.PageObjectModel.NavigationMenu.<init>(NavigationMenu.java:37)
at TestAutomation.selenium.PageObjectModel.ApplyLeave.<init>(ApplyLeave.java:41)
at TestAutomation.selenium.PageObjectModel.NavigationMenu.<init>(NavigationMenu.java:37)
at TestAutomation.selenium.PageObjectModel.ApplyLeave.<init>(ApplyLeave.java:41)
at TestAutomation.selenium.PageObjectModel.NavigationMenu.<init>(NavigationMenu.java:37)
at TestAutomation.selenium.PageObjectModel.ApplyLeave.<init>(ApplyLeave.java:41)
at TestAutomation.selenium.PageObjectModel.NavigationMenu.<init>(NavigationMenu.java:37)
at TestAutomation.selenium.PageObjectModel.ApplyLeave.<init>(ApplyLeave.java:41)
at TestAutomation.selenium.PageObjectModel.NavigationMenu.<init>(NavigationMenu.java:37)
at TestAutomation.selenium.PageObjectModel.ApplyLeave.<init>(ApplyLeave.java:41)
at TestAutomation.selenium.PageObjectModel.NavigationMenu.<init>(NavigationMenu.java:37)
at TestAutomation.selenium.PageObjectModel.ApplyLeave.<init>(ApplyLeave.java:41)
at TestAutomation.selenium.PageObjectModel.NavigationMenu.<init>(NavigationMenu.java:37)
at TestAutomation.selenium.PageObjectModel.ApplyLeave.<init>(ApplyLeave.java:41)
at TestAutomation.selenium.PageObjectModel.NavigationMenu.<init>(NavigationMenu.java:37)
at TestAutomation.selenium.PageObjectModel.ApplyLeave.<init>(ApplyLeave.java:41)
at TestAutomation.selenium.PageObjectModel.NavigationMenu.<init>(NavigationMenu.java:37)
at TestAutomation.selenium.PageObjectModel.ApplyLeave.<init>(ApplyLeave.java:41)
at TestAutomation.selenium.PageObjectModel.NavigationMenu.<init>(NavigationMenu.java:37)
at TestAutomation.selenium.PageObjectModel.ApplyLeave.<init>(ApplyLeave.java:41)
at TestAutomation.selenium.PageObjectModel.NavigationMenu.<init>(NavigationMenu.java:37)
at TestAutomation.selenium.PageObjectModel.ApplyLeave.<init>(ApplyLeave.java:41)
at TestAutomation.selenium.PageObjectModel.NavigationMenu.<init>(NavigationMenu.java:37)
at TestAutomation.selenium.PageObjectModel.ApplyLeave.<init>(ApplyLeave.java:41)
at TestAutomation.selenium.PageObjectModel.NavigationMenu.<init>(NavigationMenu.java:37)
at TestAutomation.selenium.PageObjectModel.ApplyLeave.<init>(ApplyLeave.java:41)
at TestAutomation.selenium.PageObjectModel.NavigationMenu.<init>(NavigationMenu.java:37)
at TestAutomation.selenium.PageObjectModel.ApplyLeave.<init>(ApplyLeave.java:41)
at TestAutomation.selenium.PageObjectModel.NavigationMenu.<init>(NavigationMenu.java:37)
at TestAutomation.selenium.PageObjectModel.ApplyLeave.<init>(ApplyLeave.java:41)
at TestAutomation.selenium.PageObjectModel.NavigationMenu.<init>(NavigationMenu.java:37)
at TestAutomation.selenium.PageObjectModel.ApplyLeave.<init>(ApplyLeave.java:41)
at TestAutomation.selenium.PageObjectModel.NavigationMenu.<init>(NavigationMenu.java:37)
at TestAutomation.selenium.PageObjectModel.ApplyLeave.<init>(ApplyLeave.java:41)
at TestAutomation.selenium.PageObjectModel.NavigationMenu.<init>(NavigationMenu.java:37)
at TestAutomation.selenium.PageObjectModel.ApplyLeave.<init>(ApplyLeave.java:41)
at TestAutomation.selenium.PageObjectModel.NavigationMenu.<init>(NavigationMenu.java:37)
at TestAutomation.selenium.PageObjectModel.ApplyLeave.<init>(ApplyLeave.java:41)
at TestAutomation.selenium.PageObjectModel.NavigationMenu.<init>(NavigationMenu.java:37)
at TestAutomation.selenium.PageObjectModel.ApplyLeave.<init>(ApplyLeave.java:41)
at TestAutomation.selenium.PageObjectModel.NavigationMenu.<init>(NavigationMenu.java:37)
at TestAutomation.selenium.PageObjectModel.ApplyLeave.<init>(ApplyLeave.java:41)
at TestAutomation.selenium.PageObjectModel.NavigationMenu.<init>(NavigationMenu.java:37)
at TestAutomation.selenium.PageObjectModel.ApplyLeave.<init>(ApplyLeave.java:41)
at TestAutomation.selenium.PageObjectModel.NavigationMenu.<init>(NavigationMenu.java:37)
at TestAutomation.selenium.PageObjectModel.ApplyLeave.<init>(ApplyLeave.java:41)
at TestAutomation.selenium.PageObjectModel.NavigationMenu.<init>(NavigationMenu.java:37)
at TestAutomation.selenium.PageObjectModel.ApplyLeave.<init>(ApplyLeave.java:41)
at TestAutomation.selenium.PageObjectModel.NavigationMenu.<init>(NavigationMenu.java:37)
at TestAutomation.selenium.PageObjectModel.ApplyLeave.<init>(ApplyLeave.java:41)
at TestAutomation.selenium.PageObjectModel.NavigationMenu.<init>(NavigationMenu.java:37)
at TestAutomation.selenium.PageObjectModel.ApplyLeave.<init>(ApplyLeave.java:41)
at TestAutomation.selenium.PageObjectModel.NavigationMenu.<init>(NavigationMenu.java:37)
at TestAutomation.selenium.PageObjectModel.ApplyLeave.<init>(ApplyLeave.java:41)
at TestAutomation.selenium.PageObjectModel.NavigationMenu.<init>(NavigationMenu.java:37)
at TestAutomation.selenium.PageObjectModel.ApplyLeave.<init>(ApplyLeave.java:41)
at TestAutomation.selenium.PageObjectModel.NavigationMenu.<init>(NavigationMenu.java:37)
at TestAutomation.selenium.PageObjectModel.ApplyLeave.<init>(ApplyLeave.java:41)
at TestAutomation.selenium.PageObjectModel.NavigationMenu.<init>(NavigationMenu.java:37)
at TestAutomation.selenium.PageObjectModel.ApplyLeave.<init>(ApplyLeave.java:41)
at TestAutomation.selenium.PageObjectModel.NavigationMenu.<init>(NavigationMenu.java:37)
at TestAutomation.selenium.PageObjectModel.ApplyLeave.<init>(ApplyLeave.java:41)
at TestAutomation.selenium.PageObjectModel.NavigationMenu.<init>(NavigationMenu.java:37)
at TestAutomation.selenium.PageObjectModel.ApplyLeave.<init>(ApplyLeave.java:41)
at TestAutomation.selenium.PageObjectModel.NavigationMenu.<init>(NavigationMenu.java:37)
at TestAutomation.selenium.PageObjectModel.ApplyLeave.<init>(ApplyLeave.java:41)
at TestAutomation.selenium.PageObjectModel.NavigationMenu.<init>(NavigationMenu.java:37)
at TestAutomation.selenium.PageObjectModel.ApplyLeave.<init>(ApplyLeave.java:41)
at TestAutomation.selenium.PageObjectModel.NavigationMenu.<init>(NavigationMenu.java:37)
at TestAutomation.selenium.PageObjectModel.ApplyLeave.<init>(ApplyLeave.java:41)
at TestAutomation.selenium.PageObjectModel.NavigationMenu.<init>(NavigationMenu.java:37)
at TestAutomation.selenium.PageObjectModel.ApplyLeave.<init>(ApplyLeave.java:41)
at TestAutomation.selenium.PageObjectModel.NavigationMenu.<init>(NavigationMenu.java:37)
at TestAutomation.selenium.PageObjectModel.ApplyLeave.<init>(ApplyLeave.java:41)
at TestAutomation.selenium.PageObjectModel.NavigationMenu.<init>(NavigationMenu.java:37)
at TestAutomation.selenium.PageObjectModel.ApplyLeave.<init>(ApplyLeave.java:41)
at TestAutomation.selenium.PageObjectModel.NavigationMenu.<init>(NavigationMenu.java:37)
at TestAutomation.selenium.PageObjectModel.ApplyLeave.<init>(ApplyLeave.java:41)
at TestAutomation.selenium.PageObjectModel.NavigationMenu.<init>(NavigationMenu.java:37)
at TestAutomation.selenium.PageObjectModel.ApplyLeave.<init>(ApplyLeave.java:41)
at TestAutomation.selenium.PageObjectModel.NavigationMenu.<init>(NavigationMenu.java:37)
at TestAutomation.selenium.PageObjectModel.ApplyLeave.<init>(ApplyLeave.java:41)
at TestAutomation.selenium.PageObjectModel.NavigationMenu.<init>(NavigationMenu.java:37)
at TestAutomation.selenium.PageObjectModel.ApplyLeave.<init>(ApplyLeave.java:41)
at TestAutomation.selenium.PageObjectModel.NavigationMenu.<init>(NavigationMenu.java:37)
at TestAutomation.selenium.PageObjectModel.ApplyLeave.<init>(ApplyLeave.java:41)
at TestAutomation.selenium.PageObjectModel.NavigationMenu.<init>(NavigationMenu.java:37)
at TestAutomation.selenium.PageObjectModel.ApplyLeave.<init>(ApplyLeave.java:41)
at TestAutomation.selenium.PageObjectModel.NavigationMenu.<init>(NavigationMenu.java:37)
at TestAutomation.selenium.PageObjectModel.ApplyLeave.<init>(ApplyLeave.java:41)
at TestAutomation.selenium.PageObjectModel.NavigationMenu.<init>(NavigationMenu.java:37)
at TestAutomation.selenium.PageObjectModel.ApplyLeave.<init>(ApplyLeave.java:41)
at TestAutomation.selenium.PageObjectModel.NavigationMenu.<init>(NavigationMenu.java:37)
at TestAutomation.selenium.PageObjectModel.ApplyLeave.<init>(ApplyLeave.java:41)
at TestAutomation.selenium.PageObjectModel.NavigationMenu.<init>(NavigationMenu.java:37)
at TestAutomation.selenium.PageObjectModel.ApplyLeave.<init>(ApplyLeave.java:41)
at TestAutomation.selenium.PageObjectModel.NavigationMenu.<init>(NavigationMenu.java:37)
at TestAutomation.selenium.PageObjectModel.ApplyLeave.<init>(ApplyLeave.java:41)
at TestAutomation.selenium.PageObjectModel.NavigationMenu.<init>(NavigationMenu.java:37)
at TestAutomation.selenium.PageObjectModel.ApplyLeave.<init>(ApplyLeave.java:41)
at TestAutomation.selenium.PageObjectModel.NavigationMenu.<init>(NavigationMenu.java:37)
at TestAutomation.selenium.PageObjectModel.ApplyLeave.<init>(ApplyLeave.java:41)
at TestAutomation.selenium.PageObjectModel.NavigationMenu.<init>(NavigationMenu.java:37)
at TestAutomation.selenium.PageObjectModel.ApplyLeave.<init>(ApplyLeave.java:41)
at TestAutomation.selenium.PageObjectModel.NavigationMenu.<init>(NavigationMenu.java:37)
at TestAutomation.selenium.PageObjectModel.ApplyLeave.<init>(ApplyLeave.java:41)
at TestAutomation.selenium.PageObjectModel.NavigationMenu.<init>(NavigationMenu.java:37)
at TestAutomation.selenium.PageObjectModel.ApplyLeave.<init>(ApplyLeave.java:41)
at TestAutomation.selenium.PageObjectModel.NavigationMenu.<init>(NavigationMenu.java:37)
at TestAutomation.selenium.PageObjectModel.ApplyLeave.<init>(ApplyLeave.java:41)
at TestAutomation.selenium.PageObjectModel.NavigationMenu.<init>(NavigationMenu.java:37)
at TestAutomation.selenium.PageObjectModel.ApplyLeave.<init>(ApplyLeave.java:41)
at TestAutomation.selenium.PageObjectModel.NavigationMenu.<init>(NavigationMenu.java:37)
at TestAutomation.selenium.PageObjectModel.ApplyLeave.<init>(ApplyLeave.java:41)
at TestAutomation.selenium.PageObjectModel.NavigationMenu.<init>(NavigationMenu.java:37)
at TestAutomation.selenium.PageObjectModel.ApplyLeave.<init>(ApplyLeave.java:41)
at TestAutomation.selenium.PageObjectModel.NavigationMenu.<init>(NavigationMenu.java:37)
at TestAutomation.selenium.PageObjectModel.ApplyLeave.<init>(ApplyLeave.java:41)
at TestAutomation.selenium.PageObjectModel.NavigationMenu.<init>(NavigationMenu.java:37)
at TestAutomation.selenium.PageObjectModel.ApplyLeave.<init>(ApplyLeave.java:41)
at TestAutomation.selenium.PageObjectModel.NavigationMenu.<init>(NavigationMenu.java:37)
at TestAutomation.selenium.PageObjectModel.ApplyLeave.<init>(ApplyLeave.java:41)
at TestAutomation.selenium.PageObjectModel.NavigationMenu.<init>(NavigationMenu.java:37)
at TestAutomation.selenium.PageObjectModel.ApplyLeave.<init>(ApplyLeave.java:41)
at TestAutomation.selenium.PageObjectModel.NavigationMenu.<init>(NavigationMenu.java:37)
at TestAutomation.selenium.PageObjectModel.ApplyLeave.<init>(ApplyLeave.java:41)
at TestAutomation.selenium.PageObjectModel.NavigationMenu.<init>(NavigationMenu.java:37)
at TestAutomation.selenium.PageObjectModel.ApplyLeave.<init>(ApplyLeave.java:41)
at TestAutomation.selenium.PageObjectModel.NavigationMenu.<init>(NavigationMenu.java:37)
at TestAutomation.selenium.PageObjectModel.ApplyLeave.<init>(ApplyLeave.java:41)
at TestAutomation.selenium.PageObjectModel.NavigationMenu.<init>(NavigationMenu.java:37)
at TestAutomation.selenium.PageObjectModel.ApplyLeave.<init>(ApplyLeave.java:41)
at TestAutomation.selenium.PageObjectModel.NavigationMenu.<init>(NavigationMenu.java:37)
at TestAutomation.selenium.PageObjectModel.ApplyLeave.<init>(ApplyLeave.java:41)
at TestAutomation.selenium.PageObjectModel.NavigationMenu.<init>(NavigationMenu.java:37)
at TestAutomation.selenium.PageObjectModel.ApplyLeave.<init>(ApplyLeave.java:41)
at TestAutomation.selenium.PageObjectModel.NavigationMenu.<init>(NavigationMenu.java:37)
at TestAutomation.selenium.PageObjectModel.ApplyLeave.<init>(ApplyLeave.java:41)
at TestAutomation.selenium.PageObjectModel.NavigationMenu.<init>(NavigationMenu.java:37)
at TestAutomation.selenium.PageObjectModel.ApplyLeave.<init>(ApplyLeave.java:41)
at TestAutomation.selenium.PageObjectModel.NavigationMenu.<init>(NavigationMenu.java:37)
at TestAutomation.selenium.PageObjectModel.ApplyLeave.<init>(ApplyLeave.java:41)
at TestAutomation.selenium.PageObjectModel.NavigationMenu.<init>(NavigationMenu.java:37)
at TestAutomation.selenium.PageObjectModel.ApplyLeave.<init>(ApplyLeave.java:41)
at TestAutomation.selenium.PageObjectModel.NavigationMenu.<init>(NavigationMenu.java:37)
at TestAutomation.selenium.PageObjectModel.ApplyLeave.<init>(ApplyLeave.java:41)
at TestAutomation.selenium.PageObjectModel.NavigationMenu.<init>(NavigationMenu.java:37)
at TestAutomation.selenium.PageObjectModel.ApplyLeave.<init>(ApplyLeave.java:41)
at TestAutomation.selenium.PageObjectModel.NavigationMenu.<init>(NavigationMenu.java:37)
at TestAutomation.selenium.PageObjectModel.ApplyLeave.<init>(ApplyLeave.java:41)
at TestAutomation.selenium.PageObjectModel.NavigationMenu.<init>(NavigationMenu.java:37)
at TestAutomation.selenium.PageObjectModel.ApplyLeave.<init>(ApplyLeave.java:41)
at TestAutomation.selenium.PageObjectModel.NavigationMenu.<init>(NavigationMenu.java:37)
at TestAutomation.selenium.PageObjectModel.ApplyLeave.<init>(ApplyLeave.java:41)
at TestAutomation.selenium.PageObjectModel.NavigationMenu.<init>(NavigationMenu.java:37)
at TestAutomation.selenium.PageObjectModel.ApplyLeave.<init>(ApplyLeave.java:41)
at TestAutomation.selenium.PageObjectModel.NavigationMenu.<init>(NavigationMenu.java:37)
at TestAutomation.selenium.PageObjectModel.ApplyLeave.<init>(ApplyLeave.java:41)
at TestAutomation.selenium.PageObjectModel.NavigationMenu.<init>(NavigationMenu.java:37)
at TestAutomation.selenium.PageObjectModel.ApplyLeave.<init>(ApplyLeave.java:41)
at TestAutomation.selenium.PageObjectModel.NavigationMenu.<init>(NavigationMenu.java:37)
at TestAutomation.selenium.PageObjectModel.ApplyLeave.<init>(ApplyLeave.java:41)
at TestAutomation.selenium.PageObjectModel.NavigationMenu.<init>(NavigationMenu.java:37)
at TestAutomation.selenium.PageObjectModel.ApplyLeave.<init>(ApplyLeave.java:41)
at TestAutomation.selenium.PageObjectModel.NavigationMenu.<init>(NavigationMenu.java:37)
at TestAutomation.selenium.PageObjectModel.ApplyLeave.<init>(ApplyLeave.java:41)
at TestAutomation.selenium.PageObjectModel.NavigationMenu.<init>(NavigationMenu.java:37)
at TestAutomation.selenium.PageObjectModel.ApplyLeave.<init>(ApplyLeave.java:41)
at TestAutomation.selenium.PageObjectModel.NavigationMenu.<init>(NavigationMenu.java:37)
at TestAutomation.selenium.PageObjectModel.ApplyLeave.<init>(ApplyLeave.java:41)
at TestAutomation.selenium.PageObjectModel.NavigationMenu.<init>(NavigationMenu.java:37)
at TestAutomation.selenium.PageObjectModel.ApplyLeave.<init>(ApplyLeave.java:41)
at TestAutomation.selenium.PageObjectModel.NavigationMenu.<init>(NavigationMenu.java:37)
at TestAutomation.selenium.PageObjectModel.ApplyLeave.<init>(ApplyLeave.java:41)
at TestAutomation.selenium.PageObjectModel.NavigationMenu.<init>(NavigationMenu.java:37)
at TestAutomation.selenium.PageObjectModel.ApplyLeave.<init>(ApplyLeave.java:41)
at TestAutomation.selenium.PageObjectModel.NavigationMenu.<init>(NavigationMenu.java:37)
at TestAutomation.selenium.PageObjectModel.ApplyLeave.<init>(ApplyLeave.java:41)
at TestAutomation.selenium.PageObjectModel.NavigationMenu.<init>(NavigationMenu.java:37)
at TestAutomation.selenium.PageObjectModel.ApplyLeave.<init>(ApplyLeave.java:41)
at TestAutomation.selenium.PageObjectModel.NavigationMenu.<init>(NavigationMenu.java:37)
at TestAutomation.selenium.PageObjectModel.ApplyLeave.<init>(ApplyLeave.java:41)
at TestAutomation.selenium.PageObjectModel.NavigationMenu.<init>(NavigationMenu.java:37)
at TestAutomation.selenium.PageObjectModel.ApplyLeave.<init>(ApplyLeave.java:41)
at TestAutomation.selenium.PageObjectModel.NavigationMenu.<init>(NavigationMenu.java:37)
at TestAutomation.selenium.PageObjectModel.ApplyLeave.<init>(ApplyLeave.java:41)
at TestAutomation.selenium.PageObjectModel.NavigationMenu.<init>(NavigationMenu.java:37)
at TestAutomation.selenium.PageObjectModel.ApplyLeave.<init>(ApplyLeave.java:41)
at TestAutomation.selenium.PageObjectModel.NavigationMenu.<init>(NavigationMenu.java:37)
at TestAutomation.selenium.PageObjectModel.ApplyLeave.<init>(ApplyLeave.java:41)
at TestAutomation.selenium.PageObjectModel.NavigationMenu.<init>(NavigationMenu.java:37)
at TestAutomation.selenium.PageObjectModel.ApplyLeave.<init>(ApplyLeave.java:41)
at TestAutomation.selenium.PageObjectModel.NavigationMenu.<init>(NavigationMenu.java:37)
at TestAutomation.selenium.PageObjectModel.ApplyLeave.<init>(ApplyLeave.java:41)
at TestAutomation.selenium.PageObjectModel.NavigationMenu.<init>(NavigationMenu.java:37)
at TestAutomation.selenium.PageObjectModel.ApplyLeave.<init>(ApplyLeave.java:41)
at TestAutomation.selenium.PageObjectModel.NavigationMenu.<init>(NavigationMenu.java:37)
at TestAutomation.selenium.PageObjectModel.ApplyLeave.<init>(ApplyLeave.java:41)
at TestAutomation.selenium.PageObjectModel.NavigationMenu.<init>(NavigationMenu.java:37)
at TestAutomation.selenium.PageObjectModel.ApplyLeave.<init>(ApplyLeave.java:41)
at TestAutomation.selenium.PageObjectModel.NavigationMenu.<init>(NavigationMenu.java:37)
at TestAutomation.selenium.PageObjectModel.ApplyLeave.<init>(ApplyLeave.java:41)
at TestAutomation.selenium.PageObjectModel.NavigationMenu.<init>(NavigationMenu.java:37)
at TestAutomation.selenium.PageObjectModel.ApplyLeave.<init>(ApplyLeave.java:41)
at TestAutomation.selenium.PageObjectModel.NavigationMenu.<init>(NavigationMenu.java:37)
at TestAutomation.selenium.PageObjectModel.ApplyLeave.<init>(ApplyLeave.java:41)
at TestAutomation.selenium.PageObjectModel.NavigationMenu.<init>(NavigationMenu.java:37)
at TestAutomation.selenium.PageObjectModel.ApplyLeave.<init>(ApplyLeave.java:41)
at TestAutomation.selenium.PageObjectModel.NavigationMenu.<init>(NavigationMenu.java:37)
at TestAutomation.selenium.PageObjectModel.ApplyLeave.<init>(ApplyLeave.java:41)
at TestAutomation.selenium.PageObjectModel.NavigationMenu.<init>(NavigationMenu.java:37)
at TestAutomation.selenium.PageObjectModel.ApplyLeave.<init>(ApplyLeave.java:41)
at TestAutomation.selenium.PageObjectModel.NavigationMenu.<init>(NavigationMenu.java:37)
at TestAutomation.selenium.PageObjectModel.ApplyLeave.<init>(ApplyLeave.java:41)
at TestAutomation.selenium.PageObjectModel.NavigationMenu.<init>(NavigationMenu.java:37)
at TestAutomation.selenium.PageObjectModel.ApplyLeave.<init>(ApplyLeave.java:41)
at TestAutomation.selenium.PageObjectModel.NavigationMenu.<init>(NavigationMenu.java:37)
at TestAutomation.selenium.PageObjectModel.ApplyLeave.<init>(ApplyLeave.java:41)
at TestAutomation.selenium.PageObjectModel.NavigationMenu.<init>(NavigationMenu.java:37)
at TestAutomation.selenium.PageObjectModel.ApplyLeave.<init>(ApplyLeave.java:41)
at TestAutomation.selenium.PageObjectModel.NavigationMenu.<init>(NavigationMenu.java:37)
at TestAutomation.selenium.PageObjectModel.ApplyLeave.<init>(ApplyLeave.java:41)
at TestAutomation.selenium.PageObjectModel.NavigationMenu.<init>(NavigationMenu.java:37)
at TestAutomation.selenium.PageObjectModel.ApplyLeave.<init>(ApplyLeave.java:41)
at TestAutomation.selenium.PageObjectModel.NavigationMenu.<init>(NavigationMenu.java:37)
at TestAutomation.selenium.PageObjectModel.ApplyLeave.<init>(ApplyLeave.java:41)
at TestAutomation.selenium.PageObjectModel.NavigationMenu.<init>(NavigationMenu.java:37)
at TestAutomation.selenium.PageObjectModel.ApplyLeave.<init>(ApplyLeave.java:41)
at TestAutomation.selenium.PageObjectModel.NavigationMenu.<init>(NavigationMenu.java:37)
at TestAutomation.selenium.PageObjectModel.ApplyLeave.<init>(ApplyLeave.java:41)
at TestAutomation.selenium.PageObjectModel.NavigationMenu.<init>(NavigationMenu.java:37)
at TestAutomation.selenium.PageObjectModel.ApplyLeave.<init>(ApplyLeave.java:41)
at TestAutomation.selenium.PageObjectModel.NavigationMenu.<init>(NavigationMenu.java:37)
at TestAutomation.selenium.PageObjectModel.ApplyLeave.<init>(ApplyLeave.java:41)
at TestAutomation.selenium.PageObjectModel.NavigationMenu.<init>(NavigationMenu.java:37)
at TestAutomation.selenium.PageObjectModel.ApplyLeave.<init>(ApplyLeave.java:41)
at TestAutomation.selenium.PageObjectModel.NavigationMenu.<init>(NavigationMenu.java:37)
at TestAutomation.selenium.PageObjectModel.ApplyLeave.<init>(ApplyLeave.java:41)
at TestAutomation.selenium.PageObjectModel.NavigationMenu.<init>(NavigationMenu.java:37)
at TestAutomation.selenium.PageObjectModel.ApplyLeave.<init>(ApplyLeave.java:41)
at TestAutomation.selenium.PageObjectModel.NavigationMenu.<init>(NavigationMenu.java:37)
at TestAutomation.selenium.PageObjectModel.ApplyLeave.<init>(ApplyLeave.java:41)
at TestAutomation.selenium.PageObjectModel.NavigationMenu.<init>(NavigationMenu.java:37)
at TestAutomation.selenium.PageObjectModel.ApplyLeave.<init>(ApplyLeave.java:41)
at TestAutomation.selenium.PageObjectModel.NavigationMenu.<init>(NavigationMenu.java:37)
at TestAutomation.selenium.PageObjectModel.ApplyLeave.<init>(ApplyLeave.java:41)
at TestAutomation.selenium.PageObjectModel.NavigationMenu.<init>(NavigationMenu.java:37)
at TestAutomation.selenium.PageObjectModel.ApplyLeave.<init>(ApplyLeave.java:41)
at TestAutomation.selenium.PageObjectModel.NavigationMenu.<init>(NavigationMenu.java:37)
at TestAutomation.selenium.PageObjectModel.ApplyLeave.<init>(ApplyLeave.java:41)
at TestAutomation.selenium.PageObjectModel.NavigationMenu.<init>(NavigationMenu.java:37)
at TestAutomation.selenium.PageObjectModel.ApplyLeave.<init>(ApplyLeave.java:41)
at TestAutomation.selenium.PageObjectModel.NavigationMenu.<init>(NavigationMenu.java:37)
at TestAutomation.selenium.PageObjectModel.ApplyLeave.<init>(ApplyLeave.java:41)
at TestAutomation.selenium.PageObjectModel.NavigationMenu.<init>(NavigationMenu.java:37)
at TestAutomation.selenium.PageObjectModel.ApplyLeave.<init>(ApplyLeave.java:41)
at TestAutomation.selenium.PageObjectModel.NavigationMenu.<init>(NavigationMenu.java:37)
at TestAutomation.selenium.PageObjectModel.ApplyLeave.<init>(ApplyLeave.java:41)
at TestAutomation.selenium.PageObjectModel.NavigationMenu.<init>(NavigationMenu.java:37)
at TestAutomation.selenium.PageObjectModel.ApplyLeave.<init>(ApplyLeave.java:41)
at TestAutomation.selenium.PageObjectModel.NavigationMenu.<init>(NavigationMenu.java:37)
at TestAutomation.selenium.PageObjectModel.ApplyLeave.<init>(ApplyLeave.java:41)
at TestAutomation.selenium.PageObjectModel.NavigationMenu.<init>(NavigationMenu.java:37)
at TestAutomation.selenium.PageObjectModel.ApplyLeave.<init>(ApplyLeave.java:41)
at TestAutomation.selenium.PageObjectModel.NavigationMenu.<init>(NavigationMenu.java:37)
at TestAutomation.selenium.PageObjectModel.ApplyLeave.<init>(ApplyLeave.java:41)
at TestAutomation.selenium.PageObjectModel.NavigationMenu.<init>(NavigationMenu.java:37)
at TestAutomation.selenium.PageObjectModel.ApplyLeave.<init>(ApplyLeave.java:41)
at TestAutomation.selenium.PageObjectModel.NavigationMenu.<init>(NavigationMenu.java:37)
at TestAutomation.selenium.PageObjectModel.ApplyLeave.<init>(ApplyLeave.java:41)
at TestAutomation.selenium.PageObjectModel.NavigationMenu.<init>(NavigationMenu.java:37)
at TestAutomation.selenium.PageObjectModel.ApplyLeave.<init>(ApplyLeave.java:41)
at TestAutomation.selenium.PageObjectModel.NavigationMenu.<init>(NavigationMenu.java:37)
at TestAutomation.selenium.PageObjectModel.ApplyLeave.<init>(ApplyLeave.java:41)
at TestAutomation.selenium.PageObjectModel.NavigationMenu.<init>(NavigationMenu.java:37)
at TestAutomation.selenium.PageObjectModel.ApplyLeave.<init>(ApplyLeave.java:41)
at TestAutomation.selenium.PageObjectModel.NavigationMenu.<init>(NavigationMenu.java:37)
at TestAutomation.selenium.PageObjectModel.ApplyLeave.<init>(ApplyLeave.java:41)
at TestAutomation.selenium.PageObjectModel.NavigationMenu.<init>(NavigationMenu.java:37)
at TestAutomation.selenium.PageObjectModel.ApplyLeave.<init>(ApplyLeave.java:41)
at TestAutomation.selenium.PageObjectModel.NavigationMenu.<init>(NavigationMenu.java:37)
at TestAutomation.selenium.PageObjectModel.ApplyLeave.<init>(ApplyLeave.java:41)
at TestAutomation.selenium.PageObjectModel.NavigationMenu.<init>(NavigationMenu.java:37)
at TestAutomation.selenium.PageObjectModel.ApplyLeave.<init>(ApplyLeave.java:41)
at TestAutomation.selenium.PageObjectModel.NavigationMenu.<init>(NavigationMenu.java:37)
at TestAutomation.selenium.PageObjectModel.ApplyLeave.<init>(ApplyLeave.java:41)
at TestAutomation.selenium.PageObjectModel.NavigationMenu.<init>(NavigationMenu.java:37)
at TestAutomation.selenium.PageObjectModel.ApplyLeave.<init>(ApplyLeave.java:41)
at TestAutomation.selenium.PageObjectModel.NavigationMenu.<init>(NavigationMenu.java:37)
at TestAutomation.selenium.PageObjectModel.ApplyLeave.<init>(ApplyLeave.java:41)
at TestAutomation.selenium.PageObjectModel.NavigationMenu.<init>(NavigationMenu.java:37)
at TestAutomation.selenium.PageObjectModel.ApplyLeave.<init>(ApplyLeave.java:41)
at TestAutomation.selenium.PageObjectModel.NavigationMenu.<init>(NavigationMenu.java:37)
at TestAutomation.selenium.PageObjectModel.ApplyLeave.<init>(ApplyLeave.java:41)
at TestAutomation.selenium.PageObjectModel.NavigationMenu.<init>(NavigationMenu.java:37)
at TestAutomation.selenium.PageObjectModel.ApplyLeave.<init>(ApplyLeave.java:41)
at TestAutomation.selenium.PageObjectModel.NavigationMenu.<init>(NavigationMenu.java:37)
at TestAutomation.selenium.PageObjectModel.ApplyLeave.<init>(ApplyLeave.java:41)
at TestAutomation.selenium.PageObjectModel.NavigationMenu.<init>(NavigationMenu.java:37)
at TestAutomation.selenium.PageObjectModel.ApplyLeave.<init>(ApplyLeave.java:41)
at TestAutomation.selenium.PageObjectModel.NavigationMenu.<init>(NavigationMenu.java:37)
at TestAutomation.selenium.PageObjectModel.ApplyLeave.<init>(ApplyLeave.java:41)
at TestAutomation.selenium.PageObjectModel.NavigationMenu.<init>(NavigationMenu.java:37)
at TestAutomation.selenium.PageObjectModel.ApplyLeave.<init>(ApplyLeave.java:41)
at TestAutomation.selenium.PageObjectModel.NavigationMenu.<init>(NavigationMenu.java:37)
at TestAutomation.selenium.PageObjectModel.ApplyLeave.<init>(ApplyLeave.java:41)
at TestAutomation.selenium.PageObjectModel.NavigationMenu.<init>(NavigationMenu.java:37)
at TestAutomation.selenium.PageObjectModel.ApplyLeave.<init>(ApplyLeave.java:41)
at TestAutomation.selenium.PageObjectModel.NavigationMenu.<init>(NavigationMenu.java:37)
at TestAutomation.selenium.PageObjectModel.ApplyLeave.<init>(ApplyLeave.java:41)
at TestAutomation.selenium.PageObjectModel.NavigationMenu.<init>(NavigationMenu.java:37)
at TestAutomation.selenium.PageObjectModel.ApplyLeave.<init>(ApplyLeave.java:41)
at TestAutomation.selenium.PageObjectModel.NavigationMenu.<init>(NavigationMenu.java:37)
at TestAutomation.selenium.PageObjectModel.ApplyLeave.<init>(ApplyLeave.java:41)
at TestAutomation.selenium.PageObjectModel.NavigationMenu.<init>(NavigationMenu.java:37)
at TestAutomation.selenium.PageObjectModel.ApplyLeave.<init>(ApplyLeave.java:41)
at TestAutomation.selenium.PageObjectModel.NavigationMenu.<init>(NavigationMenu.java:37)
at TestAutomation.selenium.PageObjectModel.ApplyLeave.<init>(ApplyLeave.java:41)
at TestAutomation.selenium.PageObjectModel.NavigationMenu.<init>(NavigationMenu.java:37)
at TestAutomation.selenium.PageObjectModel.ApplyLeave.<init>(ApplyLeave.java:41)
at TestAutomation.selenium.PageObjectModel.NavigationMenu.<init>(NavigationMenu.java:37)
at TestAutomation.selenium.PageObjectModel.ApplyLeave.<init>(ApplyLeave.java:41)
at TestAutomation.selenium.PageObjectModel.NavigationMenu.<init>(NavigationMenu.java:37)
at TestAutomation.selenium.PageObjectModel.ApplyLeave.<init>(ApplyLeave.java:41)
at TestAutomation.selenium.PageObjectModel.NavigationMenu.<init>(NavigationMenu.java:37)
at TestAutomation.selenium.PageObjectModel.ApplyLeave.<init>(ApplyLeave.java:41)
at TestAutomation.selenium.PageObjectModel.NavigationMenu.<init>(NavigationMenu.java:37)
at TestAutomation.selenium.PageObjectModel.ApplyLeave.<init>(ApplyLeave.java:41)
at TestAutomation.selenium.PageObjectModel.NavigationMenu.<init>(NavigationMenu.java:37)
at TestAutomation.selenium.PageObjectModel.ApplyLeave.<init>(ApplyLeave.java:41)
at TestAutomation.selenium.PageObjectModel.NavigationMenu.<init>(NavigationMenu.java:37)
at TestAutomation.selenium.PageObjectModel.ApplyLeave.<init>(ApplyLeave.java:41)
at TestAutomation.selenium.PageObjectModel.NavigationMenu.<init>(NavigationMenu.java:37)
at TestAutomation.selenium.PageObjectModel.ApplyLeave.<init>(ApplyLeave.java:41)
at TestAutomation.selenium.PageObjectModel.NavigationMenu.<init>(NavigationMenu.java:37)
at TestAutomation.selenium.PageObjectModel.ApplyLeave.<init>(ApplyLeave.java:41)
at TestAutomation.selenium.PageObjectModel.NavigationMenu.<init>(NavigationMenu.java:37)
at TestAutomation.selenium.PageObjectModel.ApplyLeave.<init>(ApplyLeave.java:41)
at TestAutomation.selenium.PageObjectModel.NavigationMenu.<init>(NavigationMenu.java:37)
at TestAutomation.selenium.PageObjectModel.ApplyLeave.<init>(ApplyLeave.java:41)
at TestAutomation.selenium.PageObjectModel.NavigationMenu.<init>(NavigationMenu.java:37)
at TestAutomation.selenium.PageObjectModel.ApplyLeave.<init>(ApplyLeave.java:41)
at TestAutomation.selenium.PageObjectModel.NavigationMenu.<init>(NavigationMenu.java:37)
at TestAutomation.selenium.PageObjectModel.ApplyLeave.<init>(ApplyLeave.java:41)
at TestAutomation.selenium.PageObjectModel.NavigationMenu.<init>(NavigationMenu.java:37)
at TestAutomation.selenium.PageObjectModel.ApplyLeave.<init>(ApplyLeave.java:41)
at TestAutomation.selenium.PageObjectModel.NavigationMenu.<init>(NavigationMenu.java:37)
at TestAutomation.selenium.PageObjectModel.ApplyLeave.<init>(ApplyLeave.java:41)
at TestAutomation.selenium.PageObjectModel.NavigationMenu.<init>(NavigationMenu.java:37)
at TestAutomation.selenium.PageObjectModel.ApplyLeave.<init>(ApplyLeave.java:41)
at TestAutomation.selenium.PageObjectModel.NavigationMenu.<init>(NavigationMenu.java:37)
at TestAutomation.selenium.PageObjectModel.ApplyLeave.<init>(ApplyLeave.java:41)
at TestAutomation.selenium.PageObjectModel.NavigationMenu.<init>(NavigationMenu.java:37)
at TestAutomation.selenium.PageObjectModel.ApplyLeave.<init>(ApplyLeave.java:41)
at TestAutomation.selenium.PageObjectModel.NavigationMenu.<init>(NavigationMenu.java:37)
at TestAutomation.selenium.PageObjectModel.ApplyLeave.<init>(ApplyLeave.java:41)
at TestAutomation.selenium.PageObjectModel.NavigationMenu.<init>(NavigationMenu.java:37)
at TestAutomation.selenium.PageObjectModel.ApplyLeave.<init>(ApplyLeave.java:41)
at TestAutomation.selenium.PageObjectModel.NavigationMenu.<init>(NavigationMenu.java:37)
at TestAutomation.selenium.PageObjectModel.ApplyLeave.<init>(ApplyLeave.java:41)
at TestAutomation.selenium.PageObjectModel.NavigationMenu.<init>(NavigationMenu.java:37)
at TestAutomation.selenium.PageObjectModel.ApplyLeave.<init>(ApplyLeave.java:41)
at TestAutomation.selenium.PageObjectModel.NavigationMenu.<init>(NavigationMenu.java:37)
at TestAutomation.selenium.PageObjectModel.ApplyLeave.<init>(ApplyLeave.java:41)
at TestAutomation.selenium.PageObjectModel.NavigationMenu.<init>(NavigationMenu.java:37)
at TestAutomation.selenium.PageObjectModel.ApplyLeave.<init>(ApplyLeave.java:41)
at TestAutomation.selenium.PageObjectModel.NavigationMenu.<init>(NavigationMenu.java:37)
at TestAutomation.selenium.PageObjectModel.ApplyLeave.<init>(ApplyLeave.java:41)
at TestAutomation.selenium.PageObjectModel.NavigationMenu.<init>(NavigationMenu.java:37)
at TestAutomation.selenium.PageObjectModel.ApplyLeave.<init>(ApplyLeave.java:41)
at TestAutomation.selenium.PageObjectModel.NavigationMenu.<init>(NavigationMenu.java:37)
at TestAutomation.selenium.PageObjectModel.ApplyLeave.<init>(ApplyLeave.java:41)
at TestAutomation.selenium.PageObjectModel.NavigationMenu.<init>(NavigationMenu.java:37)
at TestAutomation.selenium.PageObjectModel.ApplyLeave.<init>(ApplyLeave.java:41)
at TestAutomation.selenium.PageObjectModel.NavigationMenu.<init>(NavigationMenu.java:37)
at TestAutomation.selenium.PageObjectModel.ApplyLeave.<init>(ApplyLeave.java:41)
at TestAutomation.selenium.PageObjectModel.NavigationMenu.<init>(NavigationMenu.java:37)
at TestAutomation.selenium.PageObjectModel.ApplyLeave.<init>(ApplyLeave.java:41)
at TestAutomation.selenium.PageObjectModel.NavigationMenu.<init>(NavigationMenu.java:37)
at TestAutomation.selenium.PageObjectModel.ApplyLeave.<init>(ApplyLeave.java:41)
at TestAutomation.selenium.PageObjectModel.NavigationMenu.<init>(NavigationMenu.java:37)
at TestAutomation.selenium.PageObjectModel.ApplyLeave.<init>(ApplyLeave.java:41)
at TestAutomation.selenium.PageObjectModel.NavigationMenu.<init>(NavigationMenu.java:37)
at TestAutomation.selenium.PageObjectModel.ApplyLeave.<init>(ApplyLeave.java:41)
at TestAutomation.selenium.PageObjectModel.NavigationMenu.<init>(NavigationMenu.java:37)
at TestAutomation.selenium.PageObjectModel.ApplyLeave.<init>(ApplyLeave.java:41)
at TestAutomation.selenium.PageObjectModel.NavigationMenu.<init>(NavigationMenu.java:37)
at TestAutomation.selenium.PageObjectModel.ApplyLeave.<init>(ApplyLeave.java:41)
at TestAutomation.selenium.PageObjectModel.NavigationMenu.<init>(NavigationMenu.java:37)
at TestAutomation.selenium.PageObjectModel.ApplyLeave.<init>(ApplyLeave.java:41)
at TestAutomation.selenium.PageObjectModel.NavigationMenu.<init>(NavigationMenu.java:37)
at TestAutomation.selenium.PageObjectModel.ApplyLeave.<init>(ApplyLeave.java:41)
at TestAutomation.selenium.PageObjectModel.NavigationMenu.<init>(NavigationMenu.java:37)
at TestAutomation.selenium.PageObjectModel.ApplyLeave.<init>(ApplyLeave.java:41)
at TestAutomation.selenium.PageObjectModel.NavigationMenu.<init>(NavigationMenu.java:37)
at TestAutomation.selenium.PageObjectModel.ApplyLeave.<init>(ApplyLeave.java:41)
at TestAutomation.selenium.PageObjectModel.NavigationMenu.<init>(NavigationMenu.java:37)
at TestAutomation.selenium.PageObjectModel.ApplyLeave.<init>(ApplyLeave.java:41)
at TestAutomation.selenium.PageObjectModel.NavigationMenu.<init>(NavigationMenu.java:37)
at TestAutomation.selenium.PageObjectModel.ApplyLeave.<init>(ApplyLeave.java:41)
at TestAutomation.selenium.PageObjectModel.NavigationMenu.<init>(NavigationMenu.java:37)
at TestAutomation.selenium.PageObjectModel.ApplyLeave.<init>(ApplyLeave.java:41)
at TestAutomation.selenium.PageObjectModel.NavigationMenu.<init>(NavigationMenu.java:37)
at TestAutomation.selenium.PageObjectModel.ApplyLeave.<init>(ApplyLeave.java:41)
at TestAutomation.selenium.PageObjectModel.NavigationMenu.<init>(NavigationMenu.java:37)
at TestAutomation.selenium.PageObjectModel.ApplyLeave.<init>(ApplyLeave.java:41)
at TestAutomation.selenium.PageObjectModel.NavigationMenu.<init>(NavigationMenu.java:37)
at TestAutomation.selenium.PageObjectModel.ApplyLeave.<init>(ApplyLeave.java:41)
at TestAutomation.selenium.PageObjectModel.NavigationMenu.<init>(NavigationMenu.java:37)
at TestAutomation.selenium.PageObjectModel.ApplyLeave.<init>(ApplyLeave.java:41)
at TestAutomation.selenium.PageObjectModel.NavigationMenu.<init>(NavigationMenu.java:37)
at TestAutomation.selenium.PageObjectModel.ApplyLeave.<init>(ApplyLeave.java:41)
at TestAutomation.selenium.PageObjectModel.NavigationMenu.<init>(NavigationMenu.java:37)
at TestAutomation.selenium.PageObjectModel.ApplyLeave.<init>(ApplyLeave.java:41)
at TestAutomation.selenium.PageObjectModel.NavigationMenu.<init>(NavigationMenu.java:37)
at TestAutomation.selenium.PageObjectModel.ApplyLeave.<init>(ApplyLeave.java:41)
at TestAutomation.selenium.PageObjectModel.NavigationMenu.<init>(NavigationMenu.java:37)
at TestAutomation.selenium.PageObjectModel.ApplyLeave.<init>(ApplyLeave.java:41)
at TestAutomation.selenium.PageObjectModel.NavigationMenu.<init>(NavigationMenu.java:37)
at TestAutomation.selenium.PageObjectModel.ApplyLeave.<init>(ApplyLeave.java:41)
at TestAutomation.selenium.PageObjectModel.NavigationMenu.<init>(NavigationMenu.java:37)
at TestAutomation.selenium.PageObjectModel.ApplyLeave.<init>(ApplyLeave.java:41)
at TestAutomation.selenium.PageObjectModel.NavigationMenu.<init>(NavigationMenu.java:37)
at TestAutomation.selenium.PageObjectModel.ApplyLeave.<init>(ApplyLeave.java:41)
at TestAutomation.selenium.PageObjectModel.NavigationMenu.<init>(NavigationMenu.java:37)
at TestAutomation.selenium.PageObjectModel.ApplyLeave.<init>(ApplyLeave.java:41)
at TestAutomation.selenium.PageObjectModel.NavigationMenu.<init>(NavigationMenu.java:37)
at TestAutomation.selenium.PageObjectModel.ApplyLeave.<init>(ApplyLeave.java:41)
at TestAutomation.selenium.PageObjectModel.NavigationMenu.<init>(NavigationMenu.java:37)
at TestAutomation.selenium.PageObjectModel.ApplyLeave.<init>(ApplyLeave.java:41)
at TestAutomation.selenium.PageObjectModel.NavigationMenu.<init>(NavigationMenu.java:37)
at TestAutomation.selenium.PageObjectModel.ApplyLeave.<init>(ApplyLeave.java:41)
at TestAutomation.selenium.PageObjectModel.NavigationMenu.<init>(NavigationMenu.java:37)
at TestAutomation.selenium.PageObjectModel.ApplyLeave.<init>(ApplyLeave.java:41)
at TestAutomation.selenium.PageObjectModel.NavigationMenu.<init>(NavigationMenu.java:37)
at TestAutomation.selenium.PageObjectModel.ApplyLeave.<init>(ApplyLeave.java:41)
at TestAutomation.selenium.PageObjectModel.NavigationMenu.<init>(NavigationMenu.java:37)
at TestAutomation.selenium.PageObjectModel.ApplyLeave.<init>(ApplyLeave.java:41)
at TestAutomation.selenium.PageObjectModel.NavigationMenu.<init>(NavigationMenu.java:37)
at TestAutomation.selenium.PageObjectModel.ApplyLeave.<init>(ApplyLeave.java:41)
at TestAutomation.selenium.PageObjectModel.NavigationMenu.<init>(NavigationMenu.java:37)
at TestAutomation.selenium.PageObjectModel.ApplyLeave.<init>(ApplyLeave.java:41)
at TestAutomation.selenium.PageObjectModel.NavigationMenu.<init>(NavigationMenu.java:37)
at TestAutomation.selenium.PageObjectModel.ApplyLeave.<init>(ApplyLeave.java:41)
at TestAutomation.selenium.PageObjectModel.NavigationMenu.<init>(NavigationMenu.java:37)
at TestAutomation.selenium.PageObjectModel.ApplyLeave.<init>(ApplyLeave.java:41)
at TestAutomation.selenium.PageObjectModel.NavigationMenu.<init>(NavigationMenu.java:37)
at TestAutomation.selenium.PageObjectModel.ApplyLeave.<init>(ApplyLeave.java:41)
at TestAutomation.selenium.PageObjectModel.NavigationMenu.<init>(NavigationMenu.java:37)
at TestAutomation.selenium.PageObjectModel.ApplyLeave.<init>(ApplyLeave.java:41)
at TestAutomation.selenium.PageObjectModel.NavigationMenu.<init>(NavigationMenu.java:37)
at TestAutomation.selenium.PageObjectModel.ApplyLeave.<init>(ApplyLeave.java:41)
at TestAutomation.selenium.PageObjectModel.NavigationMenu.<init>(NavigationMenu.java:37)
at TestAutomation.selenium.PageObjectModel.ApplyLeave.<init>(ApplyLeave.java:41)
at TestAutomation.selenium.PageObjectModel.NavigationMenu.<init>(NavigationMenu.java:37)
at TestAutomation.selenium.PageObjectModel.ApplyLeave.<init>(ApplyLeave.java:41)
at TestAutomation.selenium.PageObjectModel.NavigationMenu.<init>(NavigationMenu.java:37)
at TestAutomation.selenium.PageObjectModel.ApplyLeave.<init>(ApplyLeave.java:41)
at TestAutomation.selenium.PageObjectModel.NavigationMenu.<init>(NavigationMenu.java:37)
at TestAutomation.selenium.PageObjectModel.ApplyLeave.<init>(ApplyLeave.java:41)
at TestAutomation.selenium.PageObjectModel.NavigationMenu.<init>(NavigationMenu.java:37)
at TestAutomation.selenium.PageObjectModel.ApplyLeave.<init>(ApplyLeave.java:41)
at TestAutomation.selenium.PageObjectModel.NavigationMenu.<init>(NavigationMenu.java:37)
at TestAutomation.selenium.PageObjectModel.ApplyLeave.<init>(ApplyLeave.java:41)
at TestAutomation.selenium.PageObjectModel.NavigationMenu.<init>(NavigationMenu.java:37)
at TestAutomation.selenium.PageObjectModel.ApplyLeave.<init>(ApplyLeave.java:41)
at TestAutomation.selenium.PageObjectModel.NavigationMenu.<init>(NavigationMenu.java:37)
at TestAutomation.selenium.PageObjectModel.ApplyLeave.<init>(ApplyLeave.java:41)
at TestAutomation.selenium.PageObjectModel.NavigationMenu.<init>(NavigationMenu.java:37)
at TestAutomation.selenium.PageObjectModel.ApplyLeave.<init>(ApplyLeave.java:41)
at TestAutomation.selenium.PageObjectModel.NavigationMenu.<init>(NavigationMenu.java:37)
at TestAutomation.selenium.PageObjectModel.ApplyLeave.<init>(ApplyLeave.java:41)
at TestAutomation.selenium.PageObjectModel.NavigationMenu.<init>(NavigationMenu.java:37)
at TestAutomation.selenium.PageObjectModel.ApplyLeave.<init>(ApplyLeave.java:41)
at TestAutomation.selenium.PageObjectModel.NavigationMenu.<init>(NavigationMenu.java:37)
at TestAutomation.selenium.PageObjectModel.ApplyLeave.<init>(ApplyLeave.java:41)
at TestAutomation.selenium.PageObjectModel.NavigationMenu.<init>(NavigationMenu.java:37)
at TestAutomation.selenium.PageObjectModel.ApplyLeave.<init>(ApplyLeave.java:41)
at TestAutomation.selenium.PageObjectModel.NavigationMenu.<init>(NavigationMenu.java:37)
at TestAutomation.selenium.PageObjectModel.ApplyLeave.<init>(ApplyLeave.java:41)
at TestAutomation.selenium.PageObjectModel.NavigationMenu.<init>(NavigationMenu.java:37)
at TestAutomation.selenium.PageObjectModel.ApplyLeave.<init>(ApplyLeave.java:41)
at TestAutomation.selenium.PageObjectModel.NavigationMenu.<init>(NavigationMenu.java:37)
at TestAutomation.selenium.PageObjectModel.ApplyLeave.<init>(ApplyLeave.java:41)
at TestAutomation.selenium.PageObjectModel.NavigationMenu.<init>(NavigationMenu.java:37)
at TestAutomation.selenium.PageObjectModel.ApplyLeave.<init>(ApplyLeave.java:41)
at TestAutomation.selenium.PageObjectModel.NavigationMenu.<init>(NavigationMenu.java:37)
at TestAutomation.selenium.PageObjectModel.ApplyLeave.<init>(ApplyLeave.java:41)
at TestAutomation.selenium.PageObjectModel.NavigationMenu.<init>(NavigationMenu.java:37)
at TestAutomation.selenium.PageObjectModel.ApplyLeave.<init>(ApplyLeave.java:41)
at TestAutomation.selenium.PageObjectModel.NavigationMenu.<init>(NavigationMenu.java:37)
at TestAutomation.selenium.PageObjectModel.ApplyLeave.<init>(ApplyLeave.java:41)
at TestAutomation.selenium.PageObjectModel.NavigationMenu.<init>(NavigationMenu.java:37)
at TestAutomation.selenium.PageObjectModel.ApplyLeave.<init>(ApplyLeave.java:41)
at TestAutomation.selenium.PageObjectModel.NavigationMenu.<init>(NavigationMenu.java:37)
at TestAutomation.selenium.PageObjectModel.ApplyLeave.<init>(ApplyLeave.java:41)
at TestAutomation.selenium.PageObjectModel.NavigationMenu.<init>(NavigationMenu.java:37)
at TestAutomation.selenium.PageObjectModel.ApplyLeave.<init>(ApplyLeave.java:41)
at TestAutomation.selenium.PageObjectModel.NavigationMenu.<init>(NavigationMenu.java:37)
at TestAutomation.selenium.PageObjectModel.ApplyLeave.<init>(ApplyLeave.java:41)
at TestAutomation.selenium.PageObjectModel.NavigationMenu.<init>(NavigationMenu.java:37)
at TestAutomation.selenium.PageObjectModel.ApplyLeave.<init>(ApplyLeave.java:41)
at TestAutomation.selenium.PageObjectModel.NavigationMenu.<init>(NavigationMenu.java:37)
at TestAutomation.selenium.PageObjectModel.ApplyLeave.<init>(ApplyLeave.java:41)
at TestAutomation.selenium.PageObjectModel.NavigationMenu.<init>(NavigationMenu.java:37)
at TestAutomation.selenium.PageObjectModel.ApplyLeave.<init>(ApplyLeave.java:41)
at TestAutomation.selenium.PageObjectModel.NavigationMenu.<init>(NavigationMenu.java:37)
at TestAutomation.selenium.PageObjectModel.ApplyLeave.<init>(ApplyLeave.java:41)
at TestAutomation.selenium.PageObjectModel.NavigationMenu.<init>(NavigationMenu.java:37)
at TestAutomation.selenium.PageObjectModel.ApplyLeave.<init>(ApplyLeave.java:41)
at TestAutomation.selenium.PageObjectModel.NavigationMenu.<init>(NavigationMenu.java:37)
at TestAutomation.selenium.PageObjectModel.ApplyLeave.<init>(ApplyLeave.java:41)
at TestAutomation.selenium.PageObjectModel.NavigationMenu.<init>(NavigationMenu.java:37)
at TestAutomation.selenium.PageObjectModel.ApplyLeave.<init>(ApplyLeave.java:41)
at TestAutomation.selenium.PageObjectModel.NavigationMenu.<init>(NavigationMenu.java:37)
at TestAutomation.selenium.PageObjectModel.ApplyLeave.<init>(ApplyLeave.java:41)
at TestAutomation.selenium.PageObjectModel.NavigationMenu.<init>(NavigationMenu.java:37)
at TestAutomation.selenium.PageObjectModel.ApplyLeave.<init>(ApplyLeave.java:41)
at TestAutomation.selenium.PageObjectModel.NavigationMenu.<init>(NavigationMenu.java:37)
at TestAutomation.selenium.PageObjectModel.ApplyLeave.<init>(ApplyLeave.java:41)
at TestAutomation.selenium.PageObjectModel.NavigationMenu.<init>(NavigationMenu.java:37)
at TestAutomation.selenium.PageObjectModel.ApplyLeave.<init>(ApplyLeave.java:41)
at TestAutomation.selenium.PageObjectModel.NavigationMenu.<init>(NavigationMenu.java:37)
at TestAutomation.selenium.PageObjectModel.ApplyLeave.<init>(ApplyLeave.java:41)
at TestAutomation.selenium.PageObjectModel.NavigationMenu.<init>(NavigationMenu.java:37)
at TestAutomation.selenium.PageObjectModel.ApplyLeave.<init>(ApplyLeave.java:41)
at TestAutomation.selenium.PageObjectModel.NavigationMenu.<init>(NavigationMenu.java:37)
at TestAutomation.selenium.PageObjectModel.ApplyLeave.<init>(ApplyLeave.java:41)
at TestAutomation.selenium.PageObjectModel.NavigationMenu.<init>(NavigationMenu.java:37)
at TestAutomation.selenium.PageObjectModel.ApplyLeave.<init>(ApplyLeave.java:41)
at TestAutomation.selenium.PageObjectModel.NavigationMenu.<init>(NavigationMenu.java:37)
at TestAutomation.selenium.PageObjectModel.ApplyLeave.<init>(ApplyLeave.java:41)
at TestAutomation.selenium.PageObjectModel.NavigationMenu.<init>(NavigationMenu.java:37)
at TestAutomation.selenium.PageObjectModel.ApplyLeave.<init>(ApplyLeave.java:41)
at TestAutomation.selenium.PageObjectModel.NavigationMenu.<init>(NavigationMenu.java:37)
at TestAutomation.selenium.PageObjectModel.ApplyLeave.<init>(ApplyLeave.java:41)
at TestAutomation.selenium.PageObjectModel.NavigationMenu.<init>(NavigationMenu.java:37)
at TestAutomation.selenium.PageObjectModel.ApplyLeave.<init>(ApplyLeave.java:41)
at TestAutomation.selenium.PageObjectModel.NavigationMenu.<init>(NavigationMenu.java:37)
at TestAutomation.selenium.PageObjectModel.ApplyLeave.<init>(ApplyLeave.java:41)
at TestAutomation.selenium.PageObjectModel.NavigationMenu.<init>(NavigationMenu.java:37)
at TestAutomation.selenium.PageObjectModel.ApplyLeave.<init>(ApplyLeave.java:41)
at TestAutomation.selenium.PageObjectModel.NavigationMenu.<init>(NavigationMenu.java:37)
at TestAutomation.selenium.PageObjectModel.ApplyLeave.<init>(ApplyLeave.java:41)
at TestAutomation.selenium.PageObjectModel.NavigationMenu.<init>(NavigationMenu.java:37)
at TestAutomation.selenium.PageObjectModel.ApplyLeave.<init>(ApplyLeave.java:41)
at TestAutomation.selenium.PageObjectModel.NavigationMenu.<init>(NavigationMenu.java:37)
at TestAutomation.selenium.PageObjectModel.ApplyLeave.<init>(ApplyLeave.java:41)
at TestAutomation.selenium.PageObjectModel.NavigationMenu.<init>(NavigationMenu.java:37)
at TestAutomation.selenium.PageObjectModel.ApplyLeave.<init>(ApplyLeave.java:41)
at TestAutomation.selenium.PageObjectModel.NavigationMenu.<init>(NavigationMenu.java:37)
at TestAutomation.selenium.PageObjectModel.ApplyLeave.<init>(ApplyLeave.java:41)
at TestAutomation.selenium.PageObjectModel.NavigationMenu.<init>(NavigationMenu.java:37)
at TestAutomation.selenium.PageObjectModel.ApplyLeave.<init>(ApplyLeave.java:41)
at TestAutomation.selenium.PageObjectModel.NavigationMenu.<init>(NavigationMenu.java:37)
at TestAutomation.selenium.PageObjectModel.ApplyLeave.<init>(ApplyLeave.java:41)
at TestAutomation.selenium.PageObjectModel.NavigationMenu.<init>(NavigationMenu.java:37)
at TestAutomation.selenium.PageObjectModel.ApplyLeave.<init>(ApplyLeave.java:41)
at TestAutomation.selenium.PageObjectModel.NavigationMenu.<init>(NavigationMenu.java:37)
at TestAutomation.selenium.PageObjectModel.ApplyLeave.<init>(ApplyLeave.java:41)
at TestAutomation.selenium.PageObjectModel.NavigationMenu.<init>(NavigationMenu.java:37)
at TestAutomation.selenium.PageObjectModel.ApplyLeave.<init>(ApplyLeave.java:41)
at TestAutomation.selenium.PageObjectModel.NavigationMenu.<init>(NavigationMenu.java:37)
at TestAutomation.selenium.PageObjectModel.ApplyLeave.<init>(ApplyLeave.java:41)
at TestAutomation.selenium.PageObjectModel.NavigationMenu.<init>(NavigationMenu.java:37)
at TestAutomation.selenium.PageObjectModel.ApplyLeave.<init>(ApplyLeave.java:41)
at TestAutomation.selenium.PageObjectModel.NavigationMenu.<init>(NavigationMenu.java:37)
at TestAutomation.selenium.PageObjectModel.ApplyLeave.<init>(ApplyLeave.java:41)
at TestAutomation.selenium.PageObjectModel.NavigationMenu.<init>(NavigationMenu.java:37)
at TestAutomation.selenium.PageObjectModel.ApplyLeave.<init>(ApplyLeave.java:41)
at TestAutomation.selenium.PageObjectModel.NavigationMenu.<init>(NavigationMenu.java:37)
at TestAutomation.selenium.PageObjectModel.ApplyLeave.<init>(ApplyLeave.java:41)
at TestAutomation.selenium.PageObjectModel.NavigationMenu.<init>(NavigationMenu.java:37)
at TestAutomation.selenium.PageObjectModel.ApplyLeave.<init>(ApplyLeave.java:41)
at TestAutomation.selenium.PageObjectModel.NavigationMenu.<init>(NavigationMenu.java:37)
at TestAutomation.selenium.PageObjectModel.ApplyLeave.<init>(ApplyLeave.java:41)
at TestAutomation.selenium.PageObjectModel.NavigationMenu.<init>(NavigationMenu.java:37)
at TestAutomation.selenium.PageObjectModel.ApplyLeave.<init>(ApplyLeave.java:41)
at TestAutomation.selenium.PageObjectModel.NavigationMenu.<init>(NavigationMenu.java:37)
at TestAutomation.selenium.PageObjectModel.ApplyLeave.<init>(ApplyLeave.java:41)
at TestAutomation.selenium.PageObjectModel.NavigationMenu.<init>(NavigationMenu.java:37)
at TestAutomation.selenium.PageObjectModel.ApplyLeave.<init>(ApplyLeave.java:41)
at TestAutomation.selenium.PageObjectModel.NavigationMenu.<init>(NavigationMenu.java:37)
at TestAutomation.selenium.PageObjectModel.ApplyLeave.<init>(ApplyLeave.java:41)
at TestAutomation.selenium.PageObjectModel.NavigationMenu.<init>(NavigationMenu.java:37)
at TestAutomation.selenium.PageObjectModel.ApplyLeave.<init>(ApplyLeave.java:41)
at TestAutomation.selenium.PageObjectModel.NavigationMenu.<init>(NavigationMenu.java:37)
at TestAutomation.selenium.PageObjectModel.ApplyLeave.<init>(ApplyLeave.java:41)
at TestAutomation.selenium.PageObjectModel.NavigationMenu.<init>(NavigationMenu.java:37)
at TestAutomation.selenium.PageObjectModel.ApplyLeave.<init>(ApplyLeave.java:41)
at TestAutomation.selenium.PageObjectModel.NavigationMenu.<init>(NavigationMenu.java:37)
at TestAutomation.selenium.PageObjectModel.ApplyLeave.<init>(ApplyLeave.java:41)
at TestAutomation.selenium.PageObjectModel.NavigationMenu.<init>(NavigationMenu.java:37)
at TestAutomation.selenium.PageObjectModel.ApplyLeave.<init>(ApplyLeave.java:41)
at TestAutomation.selenium.PageObjectModel.NavigationMenu.<init>(NavigationMenu.java:37)
at TestAutomation.selenium.PageObjectModel.ApplyLeave.<init>(ApplyLeave.java:41)
[...]
at TestAutomation.selenium.PageObjectModel.ApplyLeave.<init>(ApplyLeave.java:41)
at TestAutomation.selenium.PageObjectModel.NavigationMenu.<init>(NavigationMenu.java:37)
at TestAutomation.selenium.PageObjectModel.ApplyLeave.<init>(ApplyLeave.java:41)
at TestAutomation.selenium.PageObjectModel.NavigationMenu.<init>(NavigationMenu.java:37)
at TestAutomation.selenium.PageObjectModel.ApplyLeave.<init>(ApplyLeave.java:41)
at TestAutomation.selenium.PageObjectModel.NavigationMenu.<init>(NavigationMenu.java:37)
at TestAutomation.selenium.PageObjectModel.ApplyLeave.<init>(ApplyLeave.java:41)
at TestAutomation.selenium.PageObjectModel.NavigationMenu.<init>(NavigationMenu.java:37)
at TestAutomation.selenium.PageObjectModel.ApplyLeave.<init>(ApplyLeave.java:41)
at TestAutomation.selenium.PageObjectModel.NavigationMenu.<init>(NavigationMenu.java:37)
at TestAutomation.selenium.PageObjectModel.ApplyLeave.<init>(ApplyLeave.java:41)
at TestAutomation.selenium.PageObjectModel.NavigationMenu.<init>(NavigationMenu.java:37)
at TestAutomation.selenium.PageObjectModel.ApplyLeave.<init>(ApplyLeave.java:41)
at TestAutomation.selenium.PageObjectModel.NavigationMenu.<init>(NavigationMenu.java:37)
at TestAutomation.selenium.PageObjectModel.ApplyLeave.<init>(ApplyLeave.java:41)
at TestAutomation.selenium.PageObjectModel.NavigationMenu.<init>(NavigationMenu.java:37)
at TestAutomation.selenium.PageObjectModel.ApplyLeave.<init>(ApplyLeave.java:41)
at TestAutomation.selenium.PageObjectModel.NavigationMenu.<init>(NavigationMenu.java:37)
at TestAutomation.selenium.PageObjectModel.ApplyLeave.<init>(ApplyLeave.java:41)
at TestAutomation.selenium.PageObjectModel.NavigationMenu.<init>(NavigationMenu.java:37)
at TestAutomation.selenium.PageObjectModel.ApplyLeave.<init>(ApplyLeave.java:41)
at TestAutomation.selenium.PageObjectModel.NavigationMenu.<init>(NavigationMenu.java:37)
at TestAutomation.selenium.PageObjectModel.ApplyLeave.<init>(ApplyLeave.java:41)
at TestAutomation.selenium.PageObjectModel.NavigationMenu.<init>(NavigationMenu.java:37)
at TestAutomation.selenium.PageObjectModel.ApplyLeave.<init>(ApplyLeave.java:41)
at TestAutomation.selenium.PageObjectModel.NavigationMenu.<init>(NavigationMenu.java:37)
at TestAutomation.selenium.PageObjectModel.ApplyLeave.<init>(ApplyLeave.java:41)
at TestAutomation.selenium.PageObjectModel.NavigationMenu.<init>(NavigationMenu.java:37)
at TestAutomation.selenium.PageObjectModel.ApplyLeave.<init>(ApplyLeave.java:41)
at TestAutomation.selenium.PageObjectModel.NavigationMenu.<init>(NavigationMenu.java:37)
at TestAutomation.selenium.PageObjectModel.ApplyLeave.<init>(ApplyLeave.java:41)
at TestAutomation.selenium.PageObjectModel.NavigationMenu.<init>(NavigationMenu.java:37)
at TestAutomation.selenium.PageObjectModel.ApplyLeave.<init>(ApplyLeave.java:41)
at TestAutomation.selenium.PageObjectModel.NavigationMenu.<init>(NavigationMenu.java:37)
at TestAutomation.selenium.PageObjectModel.ApplyLeave.<init>(ApplyLeave.java:41)
at TestAutomation.selenium.PageObjectModel.NavigationMenu.<init>(NavigationMenu.java:37)
at TestAutomation.selenium.PageObjectModel.ApplyLeave.<init>(ApplyLeave.java:41)
at TestAutomation.selenium.PageObjectModel.NavigationMenu.<init>(NavigationMenu.java:37)
at TestAutomation.selenium.PageObjectModel.ApplyLeave.<init>(ApplyLeave.java:41)
at TestAutomation.selenium.PageObjectModel.NavigationMenu.<init>(NavigationMenu.java:37)
at TestAutomation.selenium.PageObjectModel.ApplyLeave.<init>(ApplyLeave.java:41)
at TestAutomation.selenium.PageObjectModel.NavigationMenu.<init>(NavigationMenu.java:37)
at TestAutomation.selenium.PageObjectModel.ApplyLeave.<init>(ApplyLeave.java:41)
at TestAutomation.selenium.PageObjectModel.NavigationMenu.<init>(NavigationMenu.java:37)
at TestAutomation.selenium.PageObjectModel.ApplyLeave.<init>(ApplyLeave.java:41)
at TestAutomation.selenium.PageObjectModel.NavigationMenu.<init>(NavigationMenu.java:37)
at TestAutomation.selenium.PageObjectModel.ApplyLeave.<init>(ApplyLeave.java:41)
at TestAutomation.selenium.PageObjectModel.NavigationMenu.<init>(NavigationMenu.java:37)
at TestAutomation.selenium.PageObjectModel.ApplyLeave.<init>(ApplyLeave.java:41)
at TestAutomation.selenium.PageObjectModel.NavigationMenu.<init>(NavigationMenu.java:37)
at TestAutomation.selenium.PageObjectModel.ApplyLeave.<init>(ApplyLeave.java:41)
at TestAutomation.selenium.PageObjectModel.NavigationMenu.<init>(NavigationMenu.java:37)
at TestAutomation.selenium.PageObjectModel.ApplyLeave.<init>(ApplyLeave.java:41)
at TestAutomation.selenium.PageObjectModel.NavigationMenu.<init>(NavigationMenu.java:37)
at TestAutomation.selenium.PageObjectModel.ApplyLeave.<init>(ApplyLeave.java:41)
at TestAutomation.selenium.PageObjectModel.NavigationMenu.<init>(NavigationMenu.java:37)
at TestAutomation.selenium.PageObjectModel.ApplyLeave.<init>(ApplyLeave.java:41)
at TestAutomation.selenium.PageObjectModel.NavigationMenu.<init>(NavigationMenu.java:37)
at TestAutomation.selenium.PageObjectModel.ApplyLeave.<init>(ApplyLeave.java:41)
at TestAutomation.selenium.PageObjectModel.NavigationMenu.<init>(NavigationMenu.java:37)
at TestAutomation.selenium.PageObjectModel.ApplyLeave.<init>(ApplyLeave.java:41)
at TestAutomation.selenium.PageObjectModel.NavigationMenu.<init>(NavigationMenu.java:37)
at TestAutomation.selenium.PageObjectModel.ApplyLeave.<init>(ApplyLeave.java:41)
at TestAutomation.selenium.PageObjectModel.NavigationMenu.<init>(NavigationMenu.java:37)
at TestAutomation.selenium.PageObjectModel.ApplyLeave.<init>(ApplyLeave.java:41)
at TestAutomation.selenium.PageObjectModel.NavigationMenu.<init>(NavigationMenu.java:37)
at TestAutomation.selenium.PageObjectModel.ApplyLeave.<init>(ApplyLeave.java:41)
at TestAutomation.selenium.PageObjectModel.NavigationMenu.<init>(NavigationMenu.java:37)
at TestAutomation.selenium.PageObjectModel.ApplyLeave.<init>(ApplyLeave.java:41)
at TestAutomation.selenium.PageObjectModel.NavigationMenu.<init>(NavigationMenu.java:37)
at TestAutomation.selenium.PageObjectModel.ApplyLeave.<init>(ApplyLeave.java:41)
at TestAutomation.selenium.PageObjectModel.NavigationMenu.<init>(NavigationMenu.java:37)
at TestAutomation.selenium.PageObjectModel.ApplyLeave.<init>(ApplyLeave.java:41)
at TestAutomation.selenium.PageObjectModel.NavigationMenu.<init>(NavigationMenu.java:37)
at TestAutomation.selenium.PageObjectModel.ApplyLeave.<init>(ApplyLeave.java:41)
at TestAutomation.selenium.PageObjectModel.NavigationMenu.<init>(NavigationMenu.java:37)
at TestAutomation.selenium.PageObjectModel.ApplyLeave.<init>(ApplyLeave.java:41)
at TestAutomation.selenium.PageObjectModel.NavigationMenu.<init>(NavigationMenu.java:37)
at TestAutomation.selenium.PageObjectModel.ApplyLeave.<init>(ApplyLeave.java:41)
at TestAutomation.selenium.PageObjectModel.NavigationMenu.<init>(NavigationMenu.java:37)
at TestAutomation.selenium.PageObjectModel.ApplyLeave.<init>(ApplyLeave.java:41)
at TestAutomation.selenium.PageObjectModel.NavigationMenu.<init>(NavigationMenu.java:37)
at TestAutomation.selenium.PageObjectModel.ApplyLeave.<init>(ApplyLeave.java:41)
at TestAutomation.selenium.PageObjectModel.NavigationMenu.<init>(NavigationMenu.java:37)
at TestAutomation.selenium.PageObjectModel.ApplyLeave.<init>(ApplyLeave.java:41)
at TestAutomation.selenium.PageObjectModel.NavigationMenu.<init>(NavigationMenu.java:37)
at TestAutomation.selenium.PageObjectModel.ApplyLeave.<init>(ApplyLeave.java:41)
at TestAutomation.selenium.PageObjectModel.NavigationMenu.<init>(NavigationMenu.java:37)
at TestAutomation.selenium.PageObjectModel.ApplyLeave.<init>(ApplyLeave.java:41)
at TestAutomation.selenium.PageObjectModel.NavigationMenu.<init>(NavigationMenu.java:37)
at TestAutomation.selenium.PageObjectModel.ApplyLeave.<init>(ApplyLeave.java:41)
at TestAutomation.selenium.PageObjectModel.NavigationMenu.<init>(NavigationMenu.java:37)
at TestAutomation.selenium.PageObjectModel.ApplyLeave.<init>(ApplyLeave.java:41)
at TestAutomation.selenium.PageObjectModel.NavigationMenu.<init>(NavigationMenu.java:37)
at TestAutomation.selenium.PageObjectModel.ApplyLeave.<init>(ApplyLeave.java:41)
at TestAutomation.selenium.PageObjectModel.NavigationMenu.<init>(NavigationMenu.java:37)
at TestAutomation.selenium.PageObjectModel.ApplyLeave.<init>(ApplyLeave.java:41)
at TestAutomation.selenium.PageObjectModel.NavigationMenu.<init>(NavigationMenu.java:37)
at TestAutomation.selenium.PageObjectModel.ApplyLeave.<init>(ApplyLeave.java:41)
at TestAutomation.selenium.PageObjectModel.NavigationMenu.<init>(NavigationMenu.java:37)
at TestAutomation.selenium.PageObjectModel.ApplyLeave.<init>(ApplyLeave.java:41)
at TestAutomation.selenium.PageObjectModel.NavigationMenu.<init>(NavigationMenu.java:37)
at TestAutomation.selenium.PageObjectModel.ApplyLeave.<init>(ApplyLeave.java:41)
at TestAutomation.selenium.PageObjectModel.NavigationMenu.<init>(NavigationMenu.java:37)
at TestAutomation.selenium.PageObjectModel.ApplyLeave.<init>(ApplyLeave.java:41)
at TestAutomation.selenium.PageObjectModel.NavigationMenu.<init>(NavigationMenu.java:37)
at TestAutomation.selenium.PageObjectModel.ApplyLeave.<init>(ApplyLeave.java:41)
at TestAutomation.selenium.PageObjectModel.NavigationMenu.<init>(NavigationMenu.java:37)
at TestAutomation.selenium.PageObjectModel.ApplyLeave.<init>(ApplyLeave.java:41)
at TestAutomation.selenium.PageObjectModel.NavigationMenu.<init>(NavigationMenu.java:37)
at TestAutomation.selenium.PageObjectModel.ApplyLeave.<init>(ApplyLeave.java:41)
at TestAutomation.selenium.PageObjectModel.NavigationMenu.<init>(NavigationMenu.java:37)
at TestAutomation.selenium.PageObjectModel.ApplyLeave.<init>(ApplyLeave.java:41)
at TestAutomation.selenium.PageObjectModel.NavigationMenu.<init>(NavigationMenu.java:37)
at TestAutomation.selenium.PageObjectModel.ApplyLeave.<init>(ApplyLeave.java:41)
at TestAutomation.selenium.PageObjectModel.NavigationMenu.<init>(NavigationMenu.java:37)
at TestAutomation.selenium.PageObjectModel.ApplyLeave.<init>(ApplyLeave.java:41)
at TestAutomation.selenium.PageObjectModel.NavigationMenu.<init>(NavigationMenu.java:37)
at TestAutomation.selenium.PageObjectModel.ApplyLeave.<init>(ApplyLeave.java:41)
at TestAutomation.selenium.PageObjectModel.NavigationMenu.<init>(NavigationMenu.java:37)
at TestAutomation.selenium.PageObjectModel.ApplyLeave.<init>(ApplyLeave.java:41)
at TestAutomation.selenium.PageObjectModel.NavigationMenu.<init>(NavigationMenu.java:37)
at TestAutomation.selenium.PageObjectModel.ApplyLeave.<init>(ApplyLeave.java:41)
at TestAutomation.selenium.PageObjectModel.NavigationMenu.<init>(NavigationMenu.java:37)
at TestAutomation.selenium.PageObjectModel.ApplyLeave.<init>(ApplyLeave.java:41)
at TestAutomation.selenium.PageObjectModel.NavigationMenu.<init>(NavigationMenu.java:37)
at TestAutomation.selenium.PageObjectModel.ApplyLeave.<init>(ApplyLeave.java:41)
at TestAutomation.selenium.PageObjectModel.NavigationMenu.<init>(NavigationMenu.java:37)
at TestAutomation.selenium.PageObjectModel.ApplyLeave.<init>(ApplyLeave.java:41)
at TestAutomation.selenium.PageObjectModel.NavigationMenu.<init>(NavigationMenu.java:37)
at TestAutomation.selenium.PageObjectModel.ApplyLeave.<init>(ApplyLeave.java:41)
at TestAutomation.selenium.PageObjectModel.NavigationMenu.<init>(NavigationMenu.java:37)
at TestAutomation.selenium.PageObjectModel.ApplyLeave.<init>(ApplyLeave.java:41)
at TestAutomation.selenium.PageObjectModel.NavigationMenu.<init>(NavigationMenu.java:37)
at TestAutomation.selenium.PageObjectModel.ApplyLeave.<init>(ApplyLeave.java:41)
at TestAutomation.selenium.PageObjectModel.NavigationMenu.<init>(NavigationMenu.java:37)
at TestAutomation.selenium.PageObjectModel.ApplyLeave.<init>(ApplyLeave.java:41)
at TestAutomation.selenium.PageObjectModel.NavigationMenu.<init>(NavigationMenu.java:37)
at TestAutomation.selenium.PageObjectModel.ApplyLeave.<init>(ApplyLeave.java:41)
at TestAutomation.selenium.PageObjectModel.NavigationMenu.<init>(NavigationMenu.java:37)
at TestAutomation.selenium.PageObjectModel.ApplyLeave.<init>(ApplyLeave.java:41)
at TestAutomation.selenium.PageObjectModel.NavigationMenu.<init>(NavigationMenu.java:37)
at TestAutomation.selenium.PageObjectModel.ApplyLeave.<init>(ApplyLeave.java:41)
at TestAutomation.selenium.PageObjectModel.NavigationMenu.<init>(NavigationMenu.java:37)
at TestAutomation.selenium.PageObjectModel.ApplyLeave.<init>(ApplyLeave.java:41)
at TestAutomation.selenium.PageObjectModel.NavigationMenu.<init>(NavigationMenu.java:37)
at TestAutomation.selenium.PageObjectModel.ApplyLeave.<init>(ApplyLeave.java:41)
at TestAutomation.selenium.PageObjectModel.NavigationMenu.<init>(NavigationMenu.java:37)
at TestAutomation.selenium.PageObjectModel.ApplyLeave.<init>(ApplyLeave.java:41)
at TestAutomation.selenium.PageObjectModel.NavigationMenu.<init>(NavigationMenu.java:37)
at TestAutomation.selenium.PageObjectModel.ApplyLeave.<init>(ApplyLeave.java:41)
at TestAutomation.selenium.PageObjectModel.NavigationMenu.<init>(NavigationMenu.java:37)
at TestAutomation.selenium.PageObjectModel.ApplyLeave.<init>(ApplyLeave.java:41)
at TestAutomation.selenium.PageObjectModel.NavigationMenu.<init>(NavigationMenu.java:37)
at TestAutomation.selenium.PageObjectModel.ApplyLeave.<init>(ApplyLeave.java:41)
at TestAutomation.selenium.PageObjectModel.NavigationMenu.<init>(NavigationMenu.java:37)
at TestAutomation.selenium.PageObjectModel.ApplyLeave.<init>(ApplyLeave.java:41)
at TestAutomation.selenium.PageObjectModel.NavigationMenu.<init>(NavigationMenu.java:37)
at TestAutomation.selenium.PageObjectModel.ApplyLeave.<init>(ApplyLeave.java:41)
at TestAutomation.selenium.PageObjectModel.NavigationMenu.<init>(NavigationMenu.java:37)
at TestAutomation.selenium.PageObjectModel.ApplyLeave.<init>(ApplyLeave.java:41)
at TestAutomation.selenium.PageObjectModel.NavigationMenu.<init>(NavigationMenu.java:37)
at TestAutomation.selenium.PageObjectModel.ApplyLeave.<init>(ApplyLeave.java:41)
at TestAutomation.selenium.PageObjectModel.NavigationMenu.<init>(NavigationMenu.java:37)
at TestAutomation.selenium.PageObjectModel.ApplyLeave.<init>(ApplyLeave.java:41)
at TestAutomation.selenium.PageObjectModel.NavigationMenu.<init>(NavigationMenu.java:37)
at TestAutomation.selenium.PageObjectModel.ApplyLeave.<init>(ApplyLeave.java:41)
at TestAutomation.selenium.PageObjectModel.NavigationMenu.<init>(NavigationMenu.java:37)
at TestAutomation.selenium.PageObjectModel.ApplyLeave.<init>(ApplyLeave.java:41)
at TestAutomation.selenium.PageObjectModel.NavigationMenu.<init>(NavigationMenu.java:37)
at TestAutomation.selenium.PageObjectModel.ApplyLeave.<init>(ApplyLeave.java:41)
at TestAutomation.selenium.PageObjectModel.NavigationMenu.<init>(NavigationMenu.java:37)
at TestAutomation.selenium.PageObjectModel.ApplyLeave.<init>(ApplyLeave.java:41)
at TestAutomation.selenium.PageObjectModel.NavigationMenu.<init>(NavigationMenu.java:37)
at TestAutomation.selenium.PageObjectModel.ApplyLeave.<init>(ApplyLeave.java:41)
at TestAutomation.selenium.PageObjectModel.NavigationMenu.<init>(NavigationMenu.java:37)
at TestAutomation.selenium.PageObjectModel.ApplyLeave.<init>(ApplyLeave.java:41)
at TestAutomation.selenium.PageObjectModel.NavigationMenu.<init>(NavigationMenu.java:37)
at TestAutomation.selenium.PageObjectModel.ApplyLeave.<init>(ApplyLeave.java:41)
at TestAutomation.selenium.PageObjectModel.NavigationMenu.<init>(NavigationMenu.java:37)
at TestAutomation.selenium.PageObjectModel.ApplyLeave.<init>(ApplyLeave.java:41)
at TestAutomation.selenium.PageObjectModel.NavigationMenu.<init>(NavigationMenu.java:37)
at TestAutomation.selenium.PageObjectModel.ApplyLeave.<init>(ApplyLeave.java:41)
at TestAutomation.selenium.PageObjectModel.NavigationMenu.<init>(NavigationMenu.java:37)
at TestAutomation.selenium.PageObjectModel.ApplyLeave.<init>(ApplyLeave.java:41)
at TestAutomation.selenium.PageObjectModel.NavigationMenu.<init>(NavigationMenu.java:37)
at TestAutomation.selenium.PageObjectModel.ApplyLeave.<init>(ApplyLeave.java:41)
at TestAutomation.selenium.PageObjectModel.NavigationMenu.<init>(NavigationMenu.java:37)
at TestAutomation.selenium.PageObjectModel.ApplyLeave.<init>(ApplyLeave.java:41)
at TestAutomation.selenium.PageObjectModel.NavigationMenu.<init>(NavigationMenu.java:37)
at TestAutomation.selenium.PageObjectModel.ApplyLeave.<init>(ApplyLeave.java:41)
at TestAutomation.selenium.PageObjectModel.NavigationMenu.<init>(NavigationMenu.java:37)
at TestAutomation.selenium.PageObjectModel.ApplyLeave.<init>(ApplyLeave.java:41)
at TestAutomation.selenium.PageObjectModel.NavigationMenu.<init>(NavigationMenu.java:37)
at TestAutomation.selenium.PageObjectModel.ApplyLeave.<init>(ApplyLeave.java:41)
at TestAutomation.selenium.PageObjectModel.NavigationMenu.<init>(NavigationMenu.java:37)
at TestAutomation.selenium.PageObjectModel.ApplyLeave.<init>(ApplyLeave.java:41)
at TestAutomation.selenium.PageObjectModel.NavigationMenu.<init>(NavigationMenu.java:37)
at TestAutomation.selenium.PageObjectModel.ApplyLeave.<init>(ApplyLeave.java:41)
at TestAutomation.selenium.PageObjectModel.NavigationMenu.<init>(NavigationMenu.java:37)
at TestAutomation.selenium.PageObjectModel.ApplyLeave.<init>(ApplyLeave.java:41)
at TestAutomation.selenium.PageObjectModel.NavigationMenu.<init>(NavigationMenu.java:37)
at TestAutomation.selenium.PageObjectModel.ApplyLeave.<init>(ApplyLeave.java:41)
at TestAutomation.selenium.PageObjectModel.NavigationMenu.<init>(NavigationMenu.java:37)
at TestAutomation.selenium.PageObjectModel.ApplyLeave.<init>(ApplyLeave.java:41)
at TestAutomation.selenium.PageObjectModel.NavigationMenu.<init>(NavigationMenu.java:37)
at TestAutomation.selenium.PageObjectModel.ApplyLeave.<init>(ApplyLeave.java:41)
at TestAutomation.selenium.PageObjectModel.NavigationMenu.<init>(NavigationMenu.java:37)
at TestAutomation.selenium.PageObjectModel.ApplyLeave.<init>(ApplyLeave.java:41)
at TestAutomation.selenium.PageObjectModel.NavigationMenu.<init>(NavigationMenu.java:37)
at TestAutomation.selenium.PageObjectModel.ApplyLeave.<init>(ApplyLeave.java:41)
at TestAutomation.selenium.PageObjectModel.NavigationMenu.<init>(NavigationMenu.java:37)
at TestAutomation.selenium.PageObjectModel.ApplyLeave.<init>(ApplyLeave.java:41)
at TestAutomation.selenium.PageObjectModel.NavigationMenu.<init>(NavigationMenu.java:37)
at TestAutomation.selenium.PageObjectModel.ApplyLeave.<init>(ApplyLeave.java:41)
at TestAutomation.selenium.PageObjectModel.NavigationMenu.<init>(NavigationMenu.java:37)
at TestAutomation.selenium.PageObjectModel.ApplyLeave.<init>(ApplyLeave.java:41)
at TestAutomation.selenium.PageObjectModel.NavigationMenu.<init>(NavigationMenu.java:37)
at TestAutomation.selenium.PageObjectModel.ApplyLeave.<init>(ApplyLeave.java:41)
at TestAutomation.selenium.PageObjectModel.NavigationMenu.<init>(NavigationMenu.java:37)
at TestAutomation.selenium.PageObjectModel.ApplyLeave.<init>(ApplyLeave.java:41)
at TestAutomation.selenium.PageObjectModel.NavigationMenu.<init>(NavigationMenu.java:37)
at TestAutomation.selenium.PageObjectModel.ApplyLeave.<init>(ApplyLeave.java:41)
at TestAutomation.selenium.PageObjectModel.NavigationMenu.<init>(NavigationMenu.java:37)
at TestAutomation.selenium.PageObjectModel.ApplyLeave.<init>(ApplyLeave.java:41)
at TestAutomation.selenium.PageObjectModel.NavigationMenu.<init>(NavigationMenu.java:37)
at TestAutomation.selenium.PageObjectModel.ApplyLeave.<init>(ApplyLeave.java:41)
at TestAutomation.selenium.PageObjectModel.NavigationMenu.<init>(NavigationMenu.java:37)
at TestAutomation.selenium.PageObjectModel.ApplyLeave.<init>(ApplyLeave.java:41)
at TestAutomation.selenium.PageObjectModel.NavigationMenu.<init>(NavigationMenu.java:37)
at TestAutomation.selenium.PageObjectModel.ApplyLeave.<init>(ApplyLeave.java:41)
at TestAutomation.selenium.PageObjectModel.NavigationMenu.<init>(NavigationMenu.java:37)
at TestAutomation.selenium.PageObjectModel.ApplyLeave.<init>(ApplyLeave.java:41)
at TestAutomation.selenium.PageObjectModel.NavigationMenu.<init>(NavigationMenu.java:37)
]]>
    </failure>
  </testcase> <!-- testcheckBoxex -->
</testsuite> <!-- TestWebdriver -->
