<?xml version="1.0" encoding="UTF-8"?>
<testng-results ignored="0" total="1" passed="1" failed="0" skipped="0">
  <reporter-output>
  </reporter-output>
  <suite started-at="2022-02-25T20:20:21 IST" name="Webdriver" finished-at="2022-02-25T20:21:05 IST" duration-ms="43754">
    <groups>
    </groups>
    <test started-at="2022-02-25T20:20:21 IST" name="TestWebdriver" finished-at="2022-02-25T20:21:05 IST" duration-ms="43754">
      <class name="TestAutomation.selenium.OrangeHRM.TestSystemUser">
        <test-method is-config="true" signature="setup(org.testng.ITestContext)[pri:0, instance:TestAutomation.selenium.OrangeHRM.TestSystemUser@82de64a]" started-at="2022-02-25T20:20:21 IST" name="setup" finished-at="2022-02-25T20:20:27 IST" duration-ms="5319" status="PASS">
          <params>
            <param index="0">
              <value>
                <![CDATA[org.testng.TestRunner@600f5704]]>
              </value>
            </param>
          </params>
          <reporter-output>
          </reporter-output>
        </test-method> <!-- setup -->
        <test-method signature="testSystemUser()[pri:0, instance:TestAutomation.selenium.OrangeHRM.TestSystemUser@82de64a]" started-at="2022-02-25T20:20:27 IST" name="testSystemUser" finished-at="2022-02-25T20:21:05 IST" duration-ms="38388" status="PASS">
          <reporter-output>
          </reporter-output>
        </test-method> <!-- testSystemUser -->
      </class> <!-- TestAutomation.selenium.OrangeHRM.TestSystemUser -->
    </test> <!-- TestWebdriver -->
  </suite> <!-- Webdriver -->
</testng-results>
