<?xml version="1.0" encoding="UTF-8"?>
<testng-results ignored="0" total="1" passed="1" failed="0" skipped="0">
  <reporter-output>
  </reporter-output>
  <suite started-at="2022-02-27T13:45:08 IST" name="Webdriver" finished-at="2022-02-27T13:45:50 IST" duration-ms="41192">
    <groups>
    </groups>
    <test started-at="2022-02-27T13:45:08 IST" name="TestWebdriver" finished-at="2022-02-27T13:45:50 IST" duration-ms="41192">
      <class name="TestAutomation.selenium.OrangeHRM.TestSystemUser">
        <test-method is-config="true" signature="setup(org.testng.ITestContext)[pri:0, instance:TestAutomation.selenium.OrangeHRM.TestSystemUser@82de64a]" started-at="2022-02-27T13:45:08 IST" name="setup" finished-at="2022-02-27T13:45:15 IST" duration-ms="6462" status="PASS">
          <params>
            <param index="0">
              <value>
                <![CDATA[org.testng.TestRunner@11c3ff67]]>
              </value>
            </param>
          </params>
          <reporter-output>
          </reporter-output>
        </test-method> <!-- setup -->
        <test-method signature="testSystemUser()[pri:0, instance:TestAutomation.selenium.OrangeHRM.TestSystemUser@82de64a]" started-at="2022-02-27T13:45:15 IST" name="testSystemUser" finished-at="2022-02-27T13:45:50 IST" duration-ms="34693" status="PASS">
          <reporter-output>
          </reporter-output>
        </test-method> <!-- testSystemUser -->
      </class> <!-- TestAutomation.selenium.OrangeHRM.TestSystemUser -->
    </test> <!-- TestWebdriver -->
  </suite> <!-- Webdriver -->
</testng-results>
