<?xml version="1.0" encoding="UTF-8"?>
<testng-results ignored="0" total="1" passed="1" failed="0" skipped="0">
  <reporter-output>
  </reporter-output>
  <suite started-at="2022-02-14T16:18:12 IST" name="Default suite" finished-at="2022-02-14T16:18:43 IST" duration-ms="31185">
    <groups>
    </groups>
    <test started-at="2022-02-14T16:18:12 IST" name="Default test" finished-at="2022-02-14T16:18:43 IST" duration-ms="31185">
      <class name="TestAutomation.selenium.TestWebDrivers">
        <test-method signature="LoadWebDriver()[pri:0, instance:TestAutomation.selenium.TestWebDrivers@48f278eb]" started-at="2022-02-14T16:18:12 IST" name="LoadWebDriver" finished-at="2022-02-14T16:18:43 IST" duration-ms="31045" status="PASS">
          <reporter-output>
          </reporter-output>
        </test-method> <!-- LoadWebDriver -->
      </class> <!-- TestAutomation.selenium.TestWebDrivers -->
    </test> <!-- Default test -->
  </suite> <!-- Default suite -->
</testng-results>
